<?xml version="1.0" encoding="UTF-8"?>
<testsuite xmlns:xsi="http://www.w3.org/2001/XMLSchema-instance" xsi:noNamespaceSchemaLocation="https://maven.apache.org/surefire/maven-surefire-plugin/xsd/surefire-test-report-3.0.xsd" version="3.0" name="com.nephren.raven.apiclient.RavenApiClientGetTests" time="0.766" tests="19" errors="0" skipped="0" failures="0">
  <properties>
    <property name="java.specification.version" value="21"/>
    <property name="sun.cpu.isalist" value="amd64"/>
    <property name="sun.jnu.encoding" value="Cp1252"/>
    <property name="java.class.path" value="D:\personal\raven-api-client\target\test-classes;D:\personal\raven-api-client\target\classes;C:\Users\15997546\.m2\repository\org\springframework\boot\spring-boot-starter-webflux\3.3.2\spring-boot-starter-webflux-3.3.2.jar;C:\Users\15997546\.m2\repository\org\springframework\boot\spring-boot-starter\3.3.2\spring-boot-starter-3.3.2.jar;C:\Users\15997546\.m2\repository\org\springframework\boot\spring-boot\3.3.2\spring-boot-3.3.2.jar;C:\Users\15997546\.m2\repository\org\springframework\spring-context\6.1.11\spring-context-6.1.11.jar;C:\Users\15997546\.m2\repository\org\springframework\spring-aop\6.1.11\spring-aop-6.1.11.jar;C:\Users\15997546\.m2\repository\org\springframework\spring-expression\6.1.11\spring-expression-6.1.11.jar;C:\Users\15997546\.m2\repository\org\springframework\boot\spring-boot-autoconfigure\3.3.2\spring-boot-autoconfigure-3.3.2.jar;C:\Users\15997546\.m2\repository\org\springframework\boot\spring-boot-starter-logging\3.3.2\spring-boot-starter-logging-3.3.2.jar;C:\Users\15997546\.m2\repository\ch\qos\logback\logback-classic\1.5.6\logback-classic-1.5.6.jar;C:\Users\15997546\.m2\repository\ch\qos\logback\logback-core\1.5.6\logback-core-1.5.6.jar;C:\Users\15997546\.m2\repository\org\apache\logging\log4j\log4j-to-slf4j\2.23.1\log4j-to-slf4j-2.23.1.jar;C:\Users\15997546\.m2\repository\org\apache\logging\log4j\log4j-api\2.23.1\log4j-api-2.23.1.jar;C:\Users\15997546\.m2\repository\org\slf4j\jul-to-slf4j\2.0.13\jul-to-slf4j-2.0.13.jar;C:\Users\15997546\.m2\repository\jakarta\annotation\jakarta.annotation-api\2.1.1\jakarta.annotation-api-2.1.1.jar;C:\Users\15997546\.m2\repository\org\yaml\snakeyaml\2.2\snakeyaml-2.2.jar;C:\Users\15997546\.m2\repository\org\springframework\boot\spring-boot-starter-json\3.3.2\spring-boot-starter-json-3.3.2.jar;C:\Users\15997546\.m2\repository\com\fasterxml\jackson\core\jackson-databind\2.17.2\jackson-databind-2.17.2.jar;C:\Users\15997546\.m2\repository\com\fasterxml\jackson\core\jackson-annotations\2.17.2\jackson-annotations-2.17.2.jar;C:\Users\15997546\.m2\repository\com\fasterxml\jackson\core\jackson-core\2.17.2\jackson-core-2.17.2.jar;C:\Users\15997546\.m2\repository\com\fasterxml\jackson\datatype\jackson-datatype-jdk8\2.17.2\jackson-datatype-jdk8-2.17.2.jar;C:\Users\15997546\.m2\repository\com\fasterxml\jackson\datatype\jackson-datatype-jsr310\2.17.2\jackson-datatype-jsr310-2.17.2.jar;C:\Users\15997546\.m2\repository\com\fasterxml\jackson\module\jackson-module-parameter-names\2.17.2\jackson-module-parameter-names-2.17.2.jar;C:\Users\15997546\.m2\repository\org\springframework\boot\spring-boot-starter-reactor-netty\3.3.2\spring-boot-starter-reactor-netty-3.3.2.jar;C:\Users\15997546\.m2\repository\io\projectreactor\netty\reactor-netty-http\1.1.21\reactor-netty-http-1.1.21.jar;C:\Users\15997546\.m2\repository\io\netty\netty-codec-http\4.1.111.Final\netty-codec-http-4.1.111.Final.jar;C:\Users\15997546\.m2\repository\io\netty\netty-common\4.1.111.Final\netty-common-4.1.111.Final.jar;C:\Users\15997546\.m2\repository\io\netty\netty-buffer\4.1.111.Final\netty-buffer-4.1.111.Final.jar;C:\Users\15997546\.m2\repository\io\netty\netty-transport\4.1.111.Final\netty-transport-4.1.111.Final.jar;C:\Users\15997546\.m2\repository\io\netty\netty-codec\4.1.111.Final\netty-codec-4.1.111.Final.jar;C:\Users\15997546\.m2\repository\io\netty\netty-handler\4.1.111.Final\netty-handler-4.1.111.Final.jar;C:\Users\15997546\.m2\repository\io\netty\netty-codec-http2\4.1.111.Final\netty-codec-http2-4.1.111.Final.jar;C:\Users\15997546\.m2\repository\io\netty\netty-resolver-dns\4.1.111.Final\netty-resolver-dns-4.1.111.Final.jar;C:\Users\15997546\.m2\repository\io\netty\netty-resolver\4.1.111.Final\netty-resolver-4.1.111.Final.jar;C:\Users\15997546\.m2\repository\io\netty\netty-codec-dns\4.1.111.Final\netty-codec-dns-4.1.111.Final.jar;C:\Users\15997546\.m2\repository\io\netty\netty-resolver-dns-native-macos\4.1.111.Final\netty-resolver-dns-native-macos-4.1.111.Final-osx-x86_64.jar;C:\Users\15997546\.m2\repository\io\netty\netty-resolver-dns-classes-macos\4.1.111.Final\netty-resolver-dns-classes-macos-4.1.111.Final.jar;C:\Users\15997546\.m2\repository\io\netty\netty-transport-native-epoll\4.1.111.Final\netty-transport-native-epoll-4.1.111.Final-linux-x86_64.jar;C:\Users\15997546\.m2\repository\io\netty\netty-transport-native-unix-common\4.1.111.Final\netty-transport-native-unix-common-4.1.111.Final.jar;C:\Users\15997546\.m2\repository\io\netty\netty-transport-classes-epoll\4.1.111.Final\netty-transport-classes-epoll-4.1.111.Final.jar;C:\Users\15997546\.m2\repository\io\projectreactor\netty\reactor-netty-core\1.1.21\reactor-netty-core-1.1.21.jar;C:\Users\15997546\.m2\repository\io\netty\netty-handler-proxy\4.1.111.Final\netty-handler-proxy-4.1.111.Final.jar;C:\Users\15997546\.m2\repository\io\netty\netty-codec-socks\4.1.111.Final\netty-codec-socks-4.1.111.Final.jar;C:\Users\15997546\.m2\repository\org\springframework\spring-web\6.1.11\spring-web-6.1.11.jar;C:\Users\15997546\.m2\repository\org\springframework\spring-beans\6.1.11\spring-beans-6.1.11.jar;C:\Users\15997546\.m2\repository\io\micrometer\micrometer-observation\1.13.2\micrometer-observation-1.13.2.jar;C:\Users\15997546\.m2\repository\io\micrometer\micrometer-commons\1.13.2\micrometer-commons-1.13.2.jar;C:\Users\15997546\.m2\repository\org\springframework\spring-webflux\6.1.11\spring-webflux-6.1.11.jar;C:\Users\15997546\.m2\repository\org\projectlombok\lombok\1.18.34\lombok-1.18.34.jar;C:\Users\15997546\.m2\repository\org\springframework\boot\spring-boot-starter-test\3.3.2\spring-boot-starter-test-3.3.2.jar;C:\Users\15997546\.m2\repository\org\springframework\boot\spring-boot-test\3.3.2\spring-boot-test-3.3.2.jar;C:\Users\15997546\.m2\repository\org\springframework\boot\spring-boot-test-autoconfigure\3.3.2\spring-boot-test-autoconfigure-3.3.2.jar;C:\Users\15997546\.m2\repository\com\jayway\jsonpath\json-path\2.9.0\json-path-2.9.0.jar;C:\Users\15997546\.m2\repository\org\slf4j\slf4j-api\2.0.13\slf4j-api-2.0.13.jar;C:\Users\15997546\.m2\repository\jakarta\xml\bind\jakarta.xml.bind-api\4.0.2\jakarta.xml.bind-api-4.0.2.jar;C:\Users\15997546\.m2\repository\jakarta\activation\jakarta.activation-api\2.1.3\jakarta.activation-api-2.1.3.jar;C:\Users\15997546\.m2\repository\net\minidev\json-smart\2.5.1\json-smart-2.5.1.jar;C:\Users\15997546\.m2\repository\net\minidev\accessors-smart\2.5.1\accessors-smart-2.5.1.jar;C:\Users\15997546\.m2\repository\org\ow2\asm\asm\9.6\asm-9.6.jar;C:\Users\15997546\.m2\repository\org\assertj\assertj-core\3.25.3\assertj-core-3.25.3.jar;C:\Users\15997546\.m2\repository\net\bytebuddy\byte-buddy\1.14.18\byte-buddy-1.14.18.jar;C:\Users\15997546\.m2\repository\org\awaitility\awaitility\4.2.1\awaitility-4.2.1.jar;C:\Users\15997546\.m2\repository\org\hamcrest\hamcrest\2.2\hamcrest-2.2.jar;C:\Users\15997546\.m2\repository\org\junit\jupiter\junit-jupiter\5.10.3\junit-jupiter-5.10.3.jar;C:\Users\15997546\.m2\repository\org\junit\jupiter\junit-jupiter-api\5.10.3\junit-jupiter-api-5.10.3.jar;C:\Users\15997546\.m2\repository\org\opentest4j\opentest4j\1.3.0\opentest4j-1.3.0.jar;C:\Users\15997546\.m2\repository\org\junit\platform\junit-platform-commons\1.10.3\junit-platform-commons-1.10.3.jar;C:\Users\15997546\.m2\repository\org\apiguardian\apiguardian-api\1.1.2\apiguardian-api-1.1.2.jar;C:\Users\15997546\.m2\repository\org\junit\jupiter\junit-jupiter-params\5.10.3\junit-jupiter-params-5.10.3.jar;C:\Users\15997546\.m2\repository\org\junit\jupiter\junit-jupiter-engine\5.10.3\junit-jupiter-engine-5.10.3.jar;C:\Users\15997546\.m2\repository\org\junit\platform\junit-platform-engine\1.10.3\junit-platform-engine-1.10.3.jar;C:\Users\15997546\.m2\repository\org\mockito\mockito-core\5.11.0\mockito-core-5.11.0.jar;C:\Users\15997546\.m2\repository\net\bytebuddy\byte-buddy-agent\1.14.18\byte-buddy-agent-1.14.18.jar;C:\Users\15997546\.m2\repository\org\objenesis\objenesis\3.3\objenesis-3.3.jar;C:\Users\15997546\.m2\repository\org\mockito\mockito-junit-jupiter\5.11.0\mockito-junit-jupiter-5.11.0.jar;C:\Users\15997546\.m2\repository\org\skyscreamer\jsonassert\1.5.3\jsonassert-1.5.3.jar;C:\Users\15997546\.m2\repository\com\vaadin\external\google\android-json\0.0.20131108.vaadin1\android-json-0.0.20131108.vaadin1.jar;C:\Users\15997546\.m2\repository\org\springframework\spring-core\6.1.11\spring-core-6.1.11.jar;C:\Users\15997546\.m2\repository\org\springframework\spring-jcl\6.1.11\spring-jcl-6.1.11.jar;C:\Users\15997546\.m2\repository\org\springframework\spring-test\6.1.11\spring-test-6.1.11.jar;C:\Users\15997546\.m2\repository\org\xmlunit\xmlunit-core\2.9.1\xmlunit-core-2.9.1.jar;C:\Users\15997546\.m2\repository\io\projectreactor\reactor-test\3.6.8\reactor-test-3.6.8.jar;C:\Users\15997546\.m2\repository\io\projectreactor\reactor-core\3.6.8\reactor-core-3.6.8.jar;C:\Users\15997546\.m2\repository\org\reactivestreams\reactive-streams\1.0.4\reactive-streams-1.0.4.jar;"/>
    <property name="java.vm.vendor" value="Eclipse Adoptium"/>
    <property name="sun.arch.data.model" value="64"/>
    <property name="user.variant" value=""/>
    <property name="java.vendor.url" value="https://adoptium.net/"/>
    <property name="user.timezone" value="Asia/Bangkok"/>
    <property name="os.name" value="Windows 11"/>
    <property name="java.vm.specification.version" value="21"/>
    <property name="sun.java.launcher" value="SUN_STANDARD"/>
    <property name="user.country" value="US"/>
    <property name="sun.boot.library.path" value="C:\Users\15997546\.jdks\temurin-21.0.6\bin"/>
    <property name="sun.java.command" value="C:\Users\15997546\AppData\Local\Temp\surefire9194024851796119668\surefirebooter-20250310100616807_3.jar C:\Users\15997546\AppData\Local\Temp\surefire9194024851796119668 2025-03-10T10-06-16_469-jvmRun1 surefire-20250310100616807_1tmp surefire_0-20250310100616807_2tmp"/>
    <property name="jdk.debug" value="release"/>
    <property name="surefire.test.class.path" value="D:\personal\raven-api-client\target\test-classes;D:\personal\raven-api-client\target\classes;C:\Users\15997546\.m2\repository\org\springframework\boot\spring-boot-starter-webflux\3.3.2\spring-boot-starter-webflux-3.3.2.jar;C:\Users\15997546\.m2\repository\org\springframework\boot\spring-boot-starter\3.3.2\spring-boot-starter-3.3.2.jar;C:\Users\15997546\.m2\repository\org\springframework\boot\spring-boot\3.3.2\spring-boot-3.3.2.jar;C:\Users\15997546\.m2\repository\org\springframework\spring-context\6.1.11\spring-context-6.1.11.jar;C:\Users\15997546\.m2\repository\org\springframework\spring-aop\6.1.11\spring-aop-6.1.11.jar;C:\Users\15997546\.m2\repository\org\springframework\spring-expression\6.1.11\spring-expression-6.1.11.jar;C:\Users\15997546\.m2\repository\org\springframework\boot\spring-boot-autoconfigure\3.3.2\spring-boot-autoconfigure-3.3.2.jar;C:\Users\15997546\.m2\repository\org\springframework\boot\spring-boot-starter-logging\3.3.2\spring-boot-starter-logging-3.3.2.jar;C:\Users\15997546\.m2\repository\ch\qos\logback\logback-classic\1.5.6\logback-classic-1.5.6.jar;C:\Users\15997546\.m2\repository\ch\qos\logback\logback-core\1.5.6\logback-core-1.5.6.jar;C:\Users\15997546\.m2\repository\org\apache\logging\log4j\log4j-to-slf4j\2.23.1\log4j-to-slf4j-2.23.1.jar;C:\Users\15997546\.m2\repository\org\apache\logging\log4j\log4j-api\2.23.1\log4j-api-2.23.1.jar;C:\Users\15997546\.m2\repository\org\slf4j\jul-to-slf4j\2.0.13\jul-to-slf4j-2.0.13.jar;C:\Users\15997546\.m2\repository\jakarta\annotation\jakarta.annotation-api\2.1.1\jakarta.annotation-api-2.1.1.jar;C:\Users\15997546\.m2\repository\org\yaml\snakeyaml\2.2\snakeyaml-2.2.jar;C:\Users\15997546\.m2\repository\org\springframework\boot\spring-boot-starter-json\3.3.2\spring-boot-starter-json-3.3.2.jar;C:\Users\15997546\.m2\repository\com\fasterxml\jackson\core\jackson-databind\2.17.2\jackson-databind-2.17.2.jar;C:\Users\15997546\.m2\repository\com\fasterxml\jackson\core\jackson-annotations\2.17.2\jackson-annotations-2.17.2.jar;C:\Users\15997546\.m2\repository\com\fasterxml\jackson\core\jackson-core\2.17.2\jackson-core-2.17.2.jar;C:\Users\15997546\.m2\repository\com\fasterxml\jackson\datatype\jackson-datatype-jdk8\2.17.2\jackson-datatype-jdk8-2.17.2.jar;C:\Users\15997546\.m2\repository\com\fasterxml\jackson\datatype\jackson-datatype-jsr310\2.17.2\jackson-datatype-jsr310-2.17.2.jar;C:\Users\15997546\.m2\repository\com\fasterxml\jackson\module\jackson-module-parameter-names\2.17.2\jackson-module-parameter-names-2.17.2.jar;C:\Users\15997546\.m2\repository\org\springframework\boot\spring-boot-starter-reactor-netty\3.3.2\spring-boot-starter-reactor-netty-3.3.2.jar;C:\Users\15997546\.m2\repository\io\projectreactor\netty\reactor-netty-http\1.1.21\reactor-netty-http-1.1.21.jar;C:\Users\15997546\.m2\repository\io\netty\netty-codec-http\4.1.111.Final\netty-codec-http-4.1.111.Final.jar;C:\Users\15997546\.m2\repository\io\netty\netty-common\4.1.111.Final\netty-common-4.1.111.Final.jar;C:\Users\15997546\.m2\repository\io\netty\netty-buffer\4.1.111.Final\netty-buffer-4.1.111.Final.jar;C:\Users\15997546\.m2\repository\io\netty\netty-transport\4.1.111.Final\netty-transport-4.1.111.Final.jar;C:\Users\15997546\.m2\repository\io\netty\netty-codec\4.1.111.Final\netty-codec-4.1.111.Final.jar;C:\Users\15997546\.m2\repository\io\netty\netty-handler\4.1.111.Final\netty-handler-4.1.111.Final.jar;C:\Users\15997546\.m2\repository\io\netty\netty-codec-http2\4.1.111.Final\netty-codec-http2-4.1.111.Final.jar;C:\Users\15997546\.m2\repository\io\netty\netty-resolver-dns\4.1.111.Final\netty-resolver-dns-4.1.111.Final.jar;C:\Users\15997546\.m2\repository\io\netty\netty-resolver\4.1.111.Final\netty-resolver-4.1.111.Final.jar;C:\Users\15997546\.m2\repository\io\netty\netty-codec-dns\4.1.111.Final\netty-codec-dns-4.1.111.Final.jar;C:\Users\15997546\.m2\repository\io\netty\netty-resolver-dns-native-macos\4.1.111.Final\netty-resolver-dns-native-macos-4.1.111.Final-osx-x86_64.jar;C:\Users\15997546\.m2\repository\io\netty\netty-resolver-dns-classes-macos\4.1.111.Final\netty-resolver-dns-classes-macos-4.1.111.Final.jar;C:\Users\15997546\.m2\repository\io\netty\netty-transport-native-epoll\4.1.111.Final\netty-transport-native-epoll-4.1.111.Final-linux-x86_64.jar;C:\Users\15997546\.m2\repository\io\netty\netty-transport-native-unix-common\4.1.111.Final\netty-transport-native-unix-common-4.1.111.Final.jar;C:\Users\15997546\.m2\repository\io\netty\netty-transport-classes-epoll\4.1.111.Final\netty-transport-classes-epoll-4.1.111.Final.jar;C:\Users\15997546\.m2\repository\io\projectreactor\netty\reactor-netty-core\1.1.21\reactor-netty-core-1.1.21.jar;C:\Users\15997546\.m2\repository\io\netty\netty-handler-proxy\4.1.111.Final\netty-handler-proxy-4.1.111.Final.jar;C:\Users\15997546\.m2\repository\io\netty\netty-codec-socks\4.1.111.Final\netty-codec-socks-4.1.111.Final.jar;C:\Users\15997546\.m2\repository\org\springframework\spring-web\6.1.11\spring-web-6.1.11.jar;C:\Users\15997546\.m2\repository\org\springframework\spring-beans\6.1.11\spring-beans-6.1.11.jar;C:\Users\15997546\.m2\repository\io\micrometer\micrometer-observation\1.13.2\micrometer-observation-1.13.2.jar;C:\Users\15997546\.m2\repository\io\micrometer\micrometer-commons\1.13.2\micrometer-commons-1.13.2.jar;C:\Users\15997546\.m2\repository\org\springframework\spring-webflux\6.1.11\spring-webflux-6.1.11.jar;C:\Users\15997546\.m2\repository\org\projectlombok\lombok\1.18.34\lombok-1.18.34.jar;C:\Users\15997546\.m2\repository\org\springframework\boot\spring-boot-starter-test\3.3.2\spring-boot-starter-test-3.3.2.jar;C:\Users\15997546\.m2\repository\org\springframework\boot\spring-boot-test\3.3.2\spring-boot-test-3.3.2.jar;C:\Users\15997546\.m2\repository\org\springframework\boot\spring-boot-test-autoconfigure\3.3.2\spring-boot-test-autoconfigure-3.3.2.jar;C:\Users\15997546\.m2\repository\com\jayway\jsonpath\json-path\2.9.0\json-path-2.9.0.jar;C:\Users\15997546\.m2\repository\org\slf4j\slf4j-api\2.0.13\slf4j-api-2.0.13.jar;C:\Users\15997546\.m2\repository\jakarta\xml\bind\jakarta.xml.bind-api\4.0.2\jakarta.xml.bind-api-4.0.2.jar;C:\Users\15997546\.m2\repository\jakarta\activation\jakarta.activation-api\2.1.3\jakarta.activation-api-2.1.3.jar;C:\Users\15997546\.m2\repository\net\minidev\json-smart\2.5.1\json-smart-2.5.1.jar;C:\Users\15997546\.m2\repository\net\minidev\accessors-smart\2.5.1\accessors-smart-2.5.1.jar;C:\Users\15997546\.m2\repository\org\ow2\asm\asm\9.6\asm-9.6.jar;C:\Users\15997546\.m2\repository\org\assertj\assertj-core\3.25.3\assertj-core-3.25.3.jar;C:\Users\15997546\.m2\repository\net\bytebuddy\byte-buddy\1.14.18\byte-buddy-1.14.18.jar;C:\Users\15997546\.m2\repository\org\awaitility\awaitility\4.2.1\awaitility-4.2.1.jar;C:\Users\15997546\.m2\repository\org\hamcrest\hamcrest\2.2\hamcrest-2.2.jar;C:\Users\15997546\.m2\repository\org\junit\jupiter\junit-jupiter\5.10.3\junit-jupiter-5.10.3.jar;C:\Users\15997546\.m2\repository\org\junit\jupiter\junit-jupiter-api\5.10.3\junit-jupiter-api-5.10.3.jar;C:\Users\15997546\.m2\repository\org\opentest4j\opentest4j\1.3.0\opentest4j-1.3.0.jar;C:\Users\15997546\.m2\repository\org\junit\platform\junit-platform-commons\1.10.3\junit-platform-commons-1.10.3.jar;C:\Users\15997546\.m2\repository\org\apiguardian\apiguardian-api\1.1.2\apiguardian-api-1.1.2.jar;C:\Users\15997546\.m2\repository\org\junit\jupiter\junit-jupiter-params\5.10.3\junit-jupiter-params-5.10.3.jar;C:\Users\15997546\.m2\repository\org\junit\jupiter\junit-jupiter-engine\5.10.3\junit-jupiter-engine-5.10.3.jar;C:\Users\15997546\.m2\repository\org\junit\platform\junit-platform-engine\1.10.3\junit-platform-engine-1.10.3.jar;C:\Users\15997546\.m2\repository\org\mockito\mockito-core\5.11.0\mockito-core-5.11.0.jar;C:\Users\15997546\.m2\repository\net\bytebuddy\byte-buddy-agent\1.14.18\byte-buddy-agent-1.14.18.jar;C:\Users\15997546\.m2\repository\org\objenesis\objenesis\3.3\objenesis-3.3.jar;C:\Users\15997546\.m2\repository\org\mockito\mockito-junit-jupiter\5.11.0\mockito-junit-jupiter-5.11.0.jar;C:\Users\15997546\.m2\repository\org\skyscreamer\jsonassert\1.5.3\jsonassert-1.5.3.jar;C:\Users\15997546\.m2\repository\com\vaadin\external\google\android-json\0.0.20131108.vaadin1\android-json-0.0.20131108.vaadin1.jar;C:\Users\15997546\.m2\repository\org\springframework\spring-core\6.1.11\spring-core-6.1.11.jar;C:\Users\15997546\.m2\repository\org\springframework\spring-jcl\6.1.11\spring-jcl-6.1.11.jar;C:\Users\15997546\.m2\repository\org\springframework\spring-test\6.1.11\spring-test-6.1.11.jar;C:\Users\15997546\.m2\repository\org\xmlunit\xmlunit-core\2.9.1\xmlunit-core-2.9.1.jar;C:\Users\15997546\.m2\repository\io\projectreactor\reactor-test\3.6.8\reactor-test-3.6.8.jar;C:\Users\15997546\.m2\repository\io\projectreactor\reactor-core\3.6.8\reactor-core-3.6.8.jar;C:\Users\15997546\.m2\repository\org\reactivestreams\reactive-streams\1.0.4\reactive-streams-1.0.4.jar;"/>
    <property name="sun.cpu.endian" value="little"/>
    <property name="user.home" value="C:\Users\15997546"/>
    <property name="user.language" value="en"/>
    <property name="java.specification.vendor" value="Oracle Corporation"/>
    <property name="java.version.date" value="2025-01-21"/>
    <property name="java.home" value="C:\Users\15997546\.jdks\temurin-21.0.6"/>
    <property name="file.separator" value="\"/>
    <property name="basedir" value="D:\personal\raven-api-client"/>
    <property name="java.vm.compressedOopsMode" value="32-bit"/>
    <property name="line.separator" value="&#10;"/>
    <property name="java.vm.specification.vendor" value="Oracle Corporation"/>
    <property name="java.specification.name" value="Java Platform API Specification"/>
    <property name="FILE_LOG_CHARSET" value="UTF-8"/>
    <property name="java.awt.headless" value="true"/>
    <property name="surefire.real.class.path" value="C:\Users\15997546\AppData\Local\Temp\surefire9194024851796119668\surefirebooter-20250310100616807_3.jar"/>
    <property name="user.script" value=""/>
    <property name="sun.management.compiler" value="HotSpot 64-Bit Tiered Compilers"/>
    <property name="java.runtime.version" value="21.0.6+7-LTS"/>
    <property name="user.name" value="15997546"/>
    <property name="stdout.encoding" value="Cp1252"/>
    <property name="path.separator" value=";"/>
    <property name="os.version" value="10.0"/>
    <property name="java.runtime.name" value="OpenJDK Runtime Environment"/>
    <property name="file.encoding" value="UTF-8"/>
    <property name="java.vm.name" value="OpenJDK 64-Bit Server VM"/>
    <property name="java.vendor.version" value="Temurin-21.0.6+7"/>
    <property name="localRepository" value="C:\Users\15997546\.m2\repository"/>
    <property name="java.vendor.url.bug" value="https://github.com/adoptium/adoptium-support/issues"/>
    <property name="java.io.tmpdir" value="C:\Users\15997546\AppData\Local\Temp\"/>
    <property name="idea.version" value="2024.3.4"/>
    <property name="java.version" value="21.0.6"/>
    <property name="user.dir" value="D:\personal\raven-api-client"/>
    <property name="os.arch" value="amd64"/>
    <property name="java.vm.specification.name" value="Java Virtual Machine Specification"/>
    <property name="PID" value="11988"/>
    <property name="sun.os.patch.level" value=""/>
    <property name="CONSOLE_LOG_CHARSET" value="UTF-8"/>
    <property name="native.encoding" value="Cp1252"/>
    <property name="java.library.path" value="C:\Users\15997546\.jdks\temurin-21.0.6\bin;C:\WINDOWS\Sun\Java\bin;C:\WINDOWS\system32;C:\WINDOWS;C:\Program Files\Volta\;C:\WINDOWS\system32;C:\WINDOWS;C:\WINDOWS\System32\Wbem;C:\WINDOWS\System32\WindowsPowerShell\v1.0\;C:\WINDOWS\System32\OpenSSH\;C:\Program Files\Docker\Docker\resources\bin;C:\Program Files (x86)\cloudflared\;C:\ProgramData\chocolatey\bin;C:\Program Files\Cloudflare\Cloudflare WARP\;;C:\Program Files\k6\;C:\Users\15997546\AppData\Local\Programs\Python\Python312\Scripts\;C:\Users\15997546\AppData\Local\Programs\Python\Python312\;C:\Users\15997546\AppData\Local\Programs\Python\Launcher\;C:\Users\15997546\AppData\Local\Microsoft\WindowsApps;C:\Users\15997546\AppData\Local\JetBrains\IntelliJ IDEA 2024.3\bin;;C:\Users\15997546\AppData\Local\Programs\Git\cmd;C:\Users\15997546\AppData\Local\Programs\Microsoft VS Code\bin;."/>
    <property name="java.vm.info" value="mixed mode, sharing"/>
    <property name="stderr.encoding" value="Cp1252"/>
    <property name="java.vendor" value="Eclipse Adoptium"/>
    <property name="java.vm.version" value="21.0.6+7-LTS"/>
    <property name="sun.io.unicode.encoding" value="UnicodeLittle"/>
    <property name="java.class.version" value="65.0"/>
  </properties>
  <testcase name="getRequestWithRequestMappingUnsupportedMethod" classname="com.nephren.raven.apiclient.RavenApiClientGetTests" time="0.05">
    <system-out><![CDATA[&amp#27;[2m2025-03-10T10:06:24.998+07:00&amp#27;[0;39m &amp#27;[32m INFO&amp#27;[0;39m &amp#27;[35m11988&amp#27;[0;39m &amp#27;[2m---&amp#27;[0;39m &amp#27;[2m[           main]&amp#27;[0;39m &amp#27;[2m&amp#27;[0;39m&amp#27;[36mt.c.s.AnnotationConfigContextLoaderUtils&amp#27;[0;39m &amp#27;[2m:&amp#27;[0;39m Could not detect default configuration classes for test class [com.nephren.raven.apiclient.RavenApiClientGetTests]: RavenApiClientGetTests does not declare any static, non-private, non-final, nested classes annotated with @Configuration.
&amp#27;[2m2025-03-10T10:06:25.009+07:00&amp#27;[0;39m &amp#27;[32m INFO&amp#27;[0;39m &amp#27;[35m11988&amp#27;[0;39m &amp#27;[2m---&amp#27;[0;39m &amp#27;[2m[           main]&amp#27;[0;39m &amp#27;[2m&amp#27;[0;39m&amp#27;[36m.b.t.c.SpringBootTestContextBootstrapper&amp#27;[0;39m &amp#27;[2m:&amp#27;[0;39m Found @SpringBootConfiguration com.nephren.raven.apiclient.RavenApiClientApplication for test class com.nephren.raven.apiclient.RavenApiClientGetTests
&amp#27;[2m2025-03-10T10:06:25.042+07:00&amp#27;[0;39m &amp#27;[32mTRACE&amp#27;[0;39m &amp#27;[35m11988&amp#27;[0;39m &amp#27;[2m---&amp#27;[0;39m &amp#27;[2m[           main]&amp#27;[0;39m &amp#27;[2m&amp#27;[0;39m&amp#27;[36mo.s.w.r.f.client.ExchangeFunctions      &amp#27;[0;39m &amp#27;[2m:&amp#27;[0;39m [78504ce9] HTTP GET http://localhost:8080/get/request-mapping-unsupported, headers={masked}
&amp#27;[2m2025-03-10T10:06:25.066+07:00&amp#27;[0;39m &amp#27;[31mERROR&amp#27;[0;39m &amp#27;[35m11988&amp#27;[0;39m &amp#27;[2m---&amp#27;[0;39m &amp#27;[2m[     parallel-3]&amp#27;[0;39m &amp#27;[2m&amp#27;[0;39m&amp#27;[36ma.w.r.e.AbstractErrorWebExceptionHandler&amp#27;[0;39m &amp#27;[2m:&amp#27;[0;39m [2659e93c]  500 Server Error for HTTP GET "/get/request-mapping-unsupported"

java.lang.UnsupportedOperationException: #RavenAPIClientMethodInterceptor Unsupported method: getRequestWithRequestMappingUnsupportedMethod
	at com.nephren.raven.apiclient.interceptor.RavenApiClientMethodInterceptor.doMethod(RavenApiClientMethodInterceptor.java:181) ~[classes/:na]
	Suppressed: reactor.core.publisher.FluxOnAssembly$OnAssemblyException: 
Error has been observed at the following site(s):
	*__checkpoint ⇢ Handler com.nephren.raven.apiclient.serviceExample.controller.GETController#getRequestWithRequestMappingUnsupportedMethod() [DispatcherHandler]
	*__checkpoint ⇢ HTTP GET "/get/request-mapping-unsupported" [ExceptionHandlingWebHandler]
Original Stack Trace:
		at com.nephren.raven.apiclient.interceptor.RavenApiClientMethodInterceptor.doMethod(RavenApiClientMethodInterceptor.java:181) ~[classes/:na]
		at com.nephren.raven.apiclient.interceptor.RavenApiClientMethodInterceptor.lambda$invoke$4(RavenApiClientMethodInterceptor.java:161) ~[classes/:na]
		at reactor.core.publisher.FluxMapFuseable$MapFuseableSubscriber.onNext(FluxMapFuseable.java:113) ~[reactor-core-3.6.8.jar:3.6.8]
		at reactor.core.publisher.MonoCallable$MonoCallableSubscription.request(MonoCallable.java:156) ~[reactor-core-3.6.8.jar:3.6.8]
		at reactor.core.publisher.FluxMapFuseable$MapFuseableSubscriber.request(FluxMapFuseable.java:171) ~[reactor-core-3.6.8.jar:3.6.8]
		at reactor.core.publisher.FluxMapFuseable$MapFuseableSubscriber.request(FluxMapFuseable.java:171) ~[reactor-core-3.6.8.jar:3.6.8]
		at reactor.core.publisher.FluxMapFuseable$MapFuseableSubscriber.request(FluxMapFuseable.java:171) ~[reactor-core-3.6.8.jar:3.6.8]
		at reactor.core.publisher.FluxMapFuseable$MapFuseableSubscriber.request(FluxMapFuseable.java:171) ~[reactor-core-3.6.8.jar:3.6.8]
		at reactor.core.publisher.MonoFlatMap$FlatMapMain.request(MonoFlatMap.java:194) ~[reactor-core-3.6.8.jar:3.6.8]
		at reactor.core.publisher.Operators$MultiSubscriptionSubscriber.set(Operators.java:2367) ~[reactor-core-3.6.8.jar:3.6.8]
		at reactor.core.publisher.FluxOnErrorResume$ResumeSubscriber.onSubscribe(FluxOnErrorResume.java:74) ~[reactor-core-3.6.8.jar:3.6.8]
		at reactor.core.publisher.MonoFlatMap$FlatMapMain.onSubscribe(MonoFlatMap.java:117) ~[reactor-core-3.6.8.jar:3.6.8]
		at reactor.core.publisher.FluxMapFuseable$MapFuseableSubscriber.onSubscribe(FluxMapFuseable.java:96) ~[reactor-core-3.6.8.jar:3.6.8]
		at reactor.core.publisher.FluxMapFuseable$MapFuseableSubscriber.onSubscribe(FluxMapFuseable.java:96) ~[reactor-core-3.6.8.jar:3.6.8]
		at reactor.core.publisher.FluxMapFuseable$MapFuseableSubscriber.onSubscribe(FluxMapFuseable.java:96) ~[reactor-core-3.6.8.jar:3.6.8]
		at reactor.core.publisher.FluxMapFuseable$MapFuseableSubscriber.onSubscribe(FluxMapFuseable.java:96) ~[reactor-core-3.6.8.jar:3.6.8]
		at reactor.core.publisher.MonoCallable.subscribe(MonoCallable.java:48) ~[reactor-core-3.6.8.jar:3.6.8]
		at reactor.core.publisher.InternalMonoOperator.subscribe(InternalMonoOperator.java:76) ~[reactor-core-3.6.8.jar:3.6.8]
		at reactor.core.publisher.MonoFlatMap$FlatMapMain.onNext(MonoFlatMap.java:165) ~[reactor-core-3.6.8.jar:3.6.8]
		at reactor.core.publisher.FluxOnErrorResume$ResumeSubscriber.onNext(FluxOnErrorResume.java:79) ~[reactor-core-3.6.8.jar:3.6.8]
		at reactor.core.publisher.FluxOnErrorResume$ResumeSubscriber.onNext(FluxOnErrorResume.java:79) ~[reactor-core-3.6.8.jar:3.6.8]
		at reactor.core.publisher.FluxPeek$PeekSubscriber.onNext(FluxPeek.java:200) ~[reactor-core-3.6.8.jar:3.6.8]
		at reactor.core.publisher.MonoIgnoreThen$ThenIgnoreMain.complete(MonoIgnoreThen.java:294) ~[reactor-core-3.6.8.jar:3.6.8]
		at reactor.core.publisher.MonoIgnoreThen$ThenIgnoreMain.onNext(MonoIgnoreThen.java:188) ~[reactor-core-3.6.8.jar:3.6.8]
		at reactor.core.publisher.Operators$ScalarSubscription.request(Operators.java:2571) ~[reactor-core-3.6.8.jar:3.6.8]
		at reactor.core.publisher.MonoIgnoreThen$ThenIgnoreMain.onSubscribe(MonoIgnoreThen.java:135) ~[reactor-core-3.6.8.jar:3.6.8]
		at reactor.core.publisher.FluxFlatMap.trySubscribeScalarMap(FluxFlatMap.java:193) ~[reactor-core-3.6.8.jar:3.6.8]
		at reactor.core.publisher.MonoFlatMap.subscribeOrReturn(MonoFlatMap.java:53) ~[reactor-core-3.6.8.jar:3.6.8]
		at reactor.core.publisher.InternalMonoOperator.subscribe(InternalMonoOperator.java:63) ~[reactor-core-3.6.8.jar:3.6.8]
		at reactor.core.publisher.MonoDefer.subscribe(MonoDefer.java:53) ~[reactor-core-3.6.8.jar:3.6.8]
		at reactor.core.publisher.MonoIgnoreThen$ThenIgnoreMain.subscribeNext(MonoIgnoreThen.java:241) ~[reactor-core-3.6.8.jar:3.6.8]
		at reactor.core.publisher.MonoIgnoreThen$ThenIgnoreMain.onComplete(MonoIgnoreThen.java:204) ~[reactor-core-3.6.8.jar:3.6.8]
		at reactor.core.publisher.MonoFlatMap$FlatMapMain.onComplete(MonoFlatMap.java:189) ~[reactor-core-3.6.8.jar:3.6.8]
		at reactor.core.publisher.Operators.complete(Operators.java:137) ~[reactor-core-3.6.8.jar:3.6.8]
		at reactor.core.publisher.MonoZip.subscribe(MonoZip.java:121) ~[reactor-core-3.6.8.jar:3.6.8]
		at reactor.core.publisher.Mono.subscribe(Mono.java:4568) ~[reactor-core-3.6.8.jar:3.6.8]
		at reactor.core.publisher.MonoIgnoreThen$ThenIgnoreMain.subscribeNext(MonoIgnoreThen.java:265) ~[reactor-core-3.6.8.jar:3.6.8]
		at reactor.core.publisher.MonoIgnoreThen.subscribe(MonoIgnoreThen.java:51) ~[reactor-core-3.6.8.jar:3.6.8]
		at reactor.core.publisher.InternalMonoOperator.subscribe(InternalMonoOperator.java:76) ~[reactor-core-3.6.8.jar:3.6.8]
		at reactor.core.publisher.MonoFlatMap$FlatMapMain.onNext(MonoFlatMap.java:165) ~[reactor-core-3.6.8.jar:3.6.8]
		at reactor.core.publisher.FluxOnErrorResume$ResumeSubscriber.onNext(FluxOnErrorResume.java:79) ~[reactor-core-3.6.8.jar:3.6.8]
		at reactor.core.publisher.FluxSwitchIfEmpty$SwitchIfEmptySubscriber.onNext(FluxSwitchIfEmpty.java:74) ~[reactor-core-3.6.8.jar:3.6.8]
		at reactor.core.publisher.MonoNext$NextSubscriber.onNext(MonoNext.java:82) ~[reactor-core-3.6.8.jar:3.6.8]
		at reactor.core.publisher.FluxConcatMapNoPrefetch$FluxConcatMapNoPrefetchSubscriber.innerNext(FluxConcatMapNoPrefetch.java:259) ~[reactor-core-3.6.8.jar:3.6.8]
		at reactor.core.publisher.FluxConcatMap$ConcatMapInner.onNext(FluxConcatMap.java:865) ~[reactor-core-3.6.8.jar:3.6.8]
		at reactor.core.publisher.FluxMapFuseable$MapFuseableSubscriber.onNext(FluxMapFuseable.java:129) ~[reactor-core-3.6.8.jar:3.6.8]
		at reactor.core.publisher.MonoPeekTerminal$MonoTerminalPeekSubscriber.onNext(MonoPeekTerminal.java:180) ~[reactor-core-3.6.8.jar:3.6.8]
		at reactor.core.publisher.Operators$ScalarSubscription.request(Operators.java:2571) ~[reactor-core-3.6.8.jar:3.6.8]
		at reactor.core.publisher.MonoPeekTerminal$MonoTerminalPeekSubscriber.request(MonoPeekTerminal.java:139) ~[reactor-core-3.6.8.jar:3.6.8]
		at reactor.core.publisher.FluxMapFuseable$MapFuseableSubscriber.request(FluxMapFuseable.java:171) ~[reactor-core-3.6.8.jar:3.6.8]
		at reactor.core.publisher.Operators$MultiSubscriptionSubscriber.request(Operators.java:2331) ~[reactor-core-3.6.8.jar:3.6.8]
		at reactor.core.publisher.FluxConcatMapNoPrefetch$FluxConcatMapNoPrefetchSubscriber.request(FluxConcatMapNoPrefetch.java:339) ~[reactor-core-3.6.8.jar:3.6.8]
		at reactor.core.publisher.MonoNext$NextSubscriber.request(MonoNext.java:108) ~[reactor-core-3.6.8.jar:3.6.8]
		at reactor.core.publisher.Operators$MultiSubscriptionSubscriber.set(Operators.java:2367) ~[reactor-core-3.6.8.jar:3.6.8]
		at reactor.core.publisher.Operators$MultiSubscriptionSubscriber.onSubscribe(Operators.java:2241) ~[reactor-core-3.6.8.jar:3.6.8]
		at reactor.core.publisher.MonoNext$NextSubscriber.onSubscribe(MonoNext.java:70) ~[reactor-core-3.6.8.jar:3.6.8]
		at reactor.core.publisher.FluxConcatMapNoPrefetch$FluxConcatMapNoPrefetchSubscriber.onSubscribe(FluxConcatMapNoPrefetch.java:164) ~[reactor-core-3.6.8.jar:3.6.8]
		at reactor.core.publisher.FluxIterable.subscribe(FluxIterable.java:201) ~[reactor-core-3.6.8.jar:3.6.8]
		at reactor.core.publisher.FluxIterable.subscribe(FluxIterable.java:83) ~[reactor-core-3.6.8.jar:3.6.8]
		at reactor.core.publisher.InternalMonoOperator.subscribe(InternalMonoOperator.java:76) ~[reactor-core-3.6.8.jar:3.6.8]
		at reactor.core.publisher.MonoDefer.subscribe(MonoDefer.java:53) ~[reactor-core-3.6.8.jar:3.6.8]
		at reactor.core.publisher.Mono.subscribe(Mono.java:4568) ~[reactor-core-3.6.8.jar:3.6.8]
		at reactor.core.publisher.MonoIgnoreThen$ThenIgnoreMain.subscribeNext(MonoIgnoreThen.java:265) ~[reactor-core-3.6.8.jar:3.6.8]
		at reactor.core.publisher.MonoIgnoreThen.subscribe(MonoIgnoreThen.java:51) ~[reactor-core-3.6.8.jar:3.6.8]
		at reactor.core.publisher.Mono.subscribe(Mono.java:4568) ~[reactor-core-3.6.8.jar:3.6.8]
		at reactor.core.publisher.Mono.subscribeWith(Mono.java:4634) ~[reactor-core-3.6.8.jar:3.6.8]
		at reactor.core.publisher.Mono.subscribe(Mono.java:4534) ~[reactor-core-3.6.8.jar:3.6.8]
		at reactor.core.publisher.Mono.subscribe(Mono.java:4470) ~[reactor-core-3.6.8.jar:3.6.8]
		at org.springframework.test.web.reactive.server.HttpHandlerConnector.lambda$doConnect$2(HttpHandlerConnector.java:100) ~[spring-test-6.1.11.jar:6.1.11]
		at org.springframework.mock.http.client.reactive.MockClientHttpRequest.lambda$writeWith$2(MockClientHttpRequest.java:124) ~[spring-test-6.1.11.jar:6.1.11]
		at reactor.core.publisher.MonoDefer.subscribe(MonoDefer.java:45) ~[reactor-core-3.6.8.jar:3.6.8]
		at reactor.core.publisher.Mono.subscribe(Mono.java:4568) ~[reactor-core-3.6.8.jar:3.6.8]
		at reactor.core.publisher.FluxConcatIterable$ConcatIterableSubscriber.onComplete(FluxConcatIterable.java:148) ~[reactor-core-3.6.8.jar:3.6.8]
		at reactor.core.publisher.FluxConcatIterable.subscribe(FluxConcatIterable.java:60) ~[reactor-core-3.6.8.jar:3.6.8]
		at reactor.core.publisher.Mono.subscribe(Mono.java:4568) ~[reactor-core-3.6.8.jar:3.6.8]
		at reactor.core.publisher.Mono.subscribeWith(Mono.java:4634) ~[reactor-core-3.6.8.jar:3.6.8]
		at reactor.core.publisher.Mono.subscribe(Mono.java:4534) ~[reactor-core-3.6.8.jar:3.6.8]
		at reactor.core.publisher.Mono.subscribe(Mono.java:4470) ~[reactor-core-3.6.8.jar:3.6.8]
		at org.springframework.test.web.reactive.server.HttpHandlerConnector.doConnect(HttpHandlerConnector.java:114) ~[spring-test-6.1.11.jar:6.1.11]
		at org.springframework.test.web.reactive.server.HttpHandlerConnector.lambda$connect$0(HttpHandlerConnector.java:81) ~[spring-test-6.1.11.jar:6.1.11]
		at reactor.core.publisher.MonoDefer.subscribe(MonoDefer.java:45) ~[reactor-core-3.6.8.jar:3.6.8]
		at reactor.core.publisher.Mono.subscribe(Mono.java:4568) ~[reactor-core-3.6.8.jar:3.6.8]
		at reactor.core.publisher.MonoSubscribeOn$SubscribeOnSubscriber.run(MonoSubscribeOn.java:126) ~[reactor-core-3.6.8.jar:3.6.8]
		at reactor.core.scheduler.WorkerTask.call(WorkerTask.java:84) ~[reactor-core-3.6.8.jar:3.6.8]
		at reactor.core.scheduler.WorkerTask.call(WorkerTask.java:37) ~[reactor-core-3.6.8.jar:3.6.8]
		at java.base/java.util.concurrent.FutureTask.run(FutureTask.java:317) ~[na:na]
		at java.base/java.util.concurrent.ScheduledThreadPoolExecutor$ScheduledFutureTask.run(ScheduledThreadPoolExecutor.java:304) ~[na:na]
		at java.base/java.util.concurrent.ThreadPoolExecutor.runWorker(ThreadPoolExecutor.java:1144) ~[na:na]
		at java.base/java.util.concurrent.ThreadPoolExecutor$Worker.run(ThreadPoolExecutor.java:642) ~[na:na]
		at java.base/java.lang.Thread.run(Thread.java:1583) ~[na:na]

&amp#27;[2m2025-03-10T10:06:25.075+07:00&amp#27;[0;39m &amp#27;[32mTRACE&amp#27;[0;39m &amp#27;[35m11988&amp#27;[0;39m &amp#27;[2m---&amp#27;[0;39m &amp#27;[2m[     parallel-3]&amp#27;[0;39m &amp#27;[2m&amp#27;[0;39m&amp#27;[36mo.s.w.r.f.client.ExchangeFunctions      &amp#27;[0;39m &amp#27;[2m:&amp#27;[0;39m [78504ce9] [dc20bde] Response 500 INTERNAL_SERVER_ERROR, headers={masked}
]]></system-out>
  </testcase>
  <testcase name="getRequestWithQueryParam" classname="com.nephren.raven.apiclient.RavenApiClientGetTests" time="0.048">
    <system-out><![CDATA[&amp#27;[2m2025-03-10T10:06:25.089+07:00&amp#27;[0;39m &amp#27;[32mTRACE&amp#27;[0;39m &amp#27;[35m11988&amp#27;[0;39m &amp#27;[2m---&amp#27;[0;39m &amp#27;[2m[           main]&amp#27;[0;39m &amp#27;[2m&amp#27;[0;39m&amp#27;[36mo.s.w.r.f.client.ExchangeFunctions      &amp#27;[0;39m &amp#27;[2m:&amp#27;[0;39m [7ec508e6] HTTP GET http://localhost:8080/get/withQueryParam?name=Richard&age=22, headers={masked}
&amp#27;[2m2025-03-10T10:06:25.101+07:00&amp#27;[0;39m &amp#27;[33m WARN&amp#27;[0;39m &amp#27;[35m11988&amp#27;[0;39m &amp#27;[2m---&amp#27;[0;39m &amp#27;[2m[     parallel-4]&amp#27;[0;39m &amp#27;[2m&amp#27;[0;39m&amp#27;[36m.n.r.a.i.RavenApiClientMethodInterceptor&amp#27;[0;39m &amp#27;[2m:&amp#27;[0;39m #RavenApiClientMethodInterceptor - doBody: No body resolver found for method: getRequestWithQueryParam
&amp#27;[2m2025-03-10T10:06:25.104+07:00&amp#27;[0;39m &amp#27;[32mTRACE&amp#27;[0;39m &amp#27;[35m11988&amp#27;[0;39m &amp#27;[2m---&amp#27;[0;39m &amp#27;[2m[     parallel-4]&amp#27;[0;39m &amp#27;[2m&amp#27;[0;39m&amp#27;[36mo.s.w.r.f.client.ExchangeFunctions      &amp#27;[0;39m &amp#27;[2m:&amp#27;[0;39m [619c7e7c] HTTP GET http://localhost:8080/getRequest-queryParam?name=Richard&age=22, headers={masked}
&amp#27;[2m2025-03-10T10:06:25.111+07:00&amp#27;[0;39m &amp#27;[32mDEBUG&amp#27;[0;39m &amp#27;[35m11988&amp#27;[0;39m &amp#27;[2m---&amp#27;[0;39m &amp#27;[2m[ctor-http-nio-3]&amp#27;[0;39m &amp#27;[2m&amp#27;[0;39m&amp#27;[36mr.netty.http.client.HttpClientConnect   &amp#27;[0;39m &amp#27;[2m:&amp#27;[0;39m [9cdf29d6-2, L:/127.0.0.1:55071 - R:localhost/127.0.0.1:8080] Handler is being applied: {uri=http://localhost:8080/getRequest-queryParam?name=Richard&age=22, method=GET}
&amp#27;[2m2025-03-10T10:06:25.122+07:00&amp#27;[0;39m &amp#27;[32mDEBUG&amp#27;[0;39m &amp#27;[35m11988&amp#27;[0;39m &amp#27;[2m---&amp#27;[0;39m &amp#27;[2m[ctor-http-nio-3]&amp#27;[0;39m &amp#27;[2m&amp#27;[0;39m&amp#27;[36mr.n.http.client.HttpClientOperations    &amp#27;[0;39m &amp#27;[2m:&amp#27;[0;39m [9cdf29d6-2, L:/127.0.0.1:55071 - R:localhost/127.0.0.1:8080] Received response (auto-read:false) : RESPONSE(decodeResult: success, version: HTTP/1.1)
HTTP/1.1 200 OK
Content-Type: <filtered>
Content-Length: <filtered>
&amp#27;[2m2025-03-10T10:06:25.123+07:00&amp#27;[0;39m &amp#27;[32mTRACE&amp#27;[0;39m &amp#27;[35m11988&amp#27;[0;39m &amp#27;[2m---&amp#27;[0;39m &amp#27;[2m[ctor-http-nio-3]&amp#27;[0;39m &amp#27;[2m&amp#27;[0;39m&amp#27;[36mo.s.w.r.f.client.ExchangeFunctions      &amp#27;[0;39m &amp#27;[2m:&amp#27;[0;39m [619c7e7c] [9cdf29d6-2] Response 200 OK, headers={masked}
&amp#27;[2m2025-03-10T10:06:25.124+07:00&amp#27;[0;39m &amp#27;[32mDEBUG&amp#27;[0;39m &amp#27;[35m11988&amp#27;[0;39m &amp#27;[2m---&amp#27;[0;39m &amp#27;[2m[ctor-http-nio-3]&amp#27;[0;39m &amp#27;[2m&amp#27;[0;39m&amp#27;[36mr.n.http.client.HttpClientOperations    &amp#27;[0;39m &amp#27;[2m:&amp#27;[0;39m [9cdf29d6-2, L:/127.0.0.1:55071 - R:localhost/127.0.0.1:8080] Received last HTTP packet
&amp#27;[2m2025-03-10T10:06:25.126+07:00&amp#27;[0;39m &amp#27;[32mTRACE&amp#27;[0;39m &amp#27;[35m11988&amp#27;[0;39m &amp#27;[2m---&amp#27;[0;39m &amp#27;[2m[ctor-http-nio-3]&amp#27;[0;39m &amp#27;[2m&amp#27;[0;39m&amp#27;[36mo.s.w.r.f.client.ExchangeFunctions      &amp#27;[0;39m &amp#27;[2m:&amp#27;[0;39m [7ec508e6] [283bc139] Response 200 OK, headers={masked}
]]></system-out>
  </testcase>
  <testcase name="getRequestWithHeader2" classname="com.nephren.raven.apiclient.RavenApiClientGetTests" time="0.04">
    <system-out><![CDATA[&amp#27;[2m2025-03-10T10:06:25.142+07:00&amp#27;[0;39m &amp#27;[32mTRACE&amp#27;[0;39m &amp#27;[35m11988&amp#27;[0;39m &amp#27;[2m---&amp#27;[0;39m &amp#27;[2m[           main]&amp#27;[0;39m &amp#27;[2m&amp#27;[0;39m&amp#27;[36mo.s.w.r.f.client.ExchangeFunctions      &amp#27;[0;39m &amp#27;[2m:&amp#27;[0;39m [75f32817] HTTP GET http://localhost:8080/get/withHeader2, headers={masked}
&amp#27;[2m2025-03-10T10:06:25.147+07:00&amp#27;[0;39m &amp#27;[33m WARN&amp#27;[0;39m &amp#27;[35m11988&amp#27;[0;39m &amp#27;[2m---&amp#27;[0;39m &amp#27;[2m[     parallel-5]&amp#27;[0;39m &amp#27;[2m&amp#27;[0;39m&amp#27;[36m.n.r.a.i.RavenApiClientMethodInterceptor&amp#27;[0;39m &amp#27;[2m:&amp#27;[0;39m #RavenApiClientMethodInterceptor - doBody: No body resolver found for method: getRequestWithHeader2
&amp#27;[2m2025-03-10T10:06:25.150+07:00&amp#27;[0;39m &amp#27;[32mTRACE&amp#27;[0;39m &amp#27;[35m11988&amp#27;[0;39m &amp#27;[2m---&amp#27;[0;39m &amp#27;[2m[     parallel-5]&amp#27;[0;39m &amp#27;[2m&amp#27;[0;39m&amp#27;[36mo.s.w.r.f.client.ExchangeFunctions      &amp#27;[0;39m &amp#27;[2m:&amp#27;[0;39m [58b27966] HTTP GET http://localhost:8080/getRequest-withHeader, headers={masked}
&amp#27;[2m2025-03-10T10:06:25.152+07:00&amp#27;[0;39m &amp#27;[32mDEBUG&amp#27;[0;39m &amp#27;[35m11988&amp#27;[0;39m &amp#27;[2m---&amp#27;[0;39m &amp#27;[2m[ctor-http-nio-3]&amp#27;[0;39m &amp#27;[2m&amp#27;[0;39m&amp#27;[36mr.netty.http.client.HttpClientConnect   &amp#27;[0;39m &amp#27;[2m:&amp#27;[0;39m [9cdf29d6-3, L:/127.0.0.1:55071 - R:localhost/127.0.0.1:8080] Handler is being applied: {uri=http://localhost:8080/getRequest-withHeader, method=GET}
&amp#27;[2m2025-03-10T10:06:25.165+07:00&amp#27;[0;39m &amp#27;[32mDEBUG&amp#27;[0;39m &amp#27;[35m11988&amp#27;[0;39m &amp#27;[2m---&amp#27;[0;39m &amp#27;[2m[ctor-http-nio-3]&amp#27;[0;39m &amp#27;[2m&amp#27;[0;39m&amp#27;[36mr.n.http.client.HttpClientOperations    &amp#27;[0;39m &amp#27;[2m:&amp#27;[0;39m [9cdf29d6-3, L:/127.0.0.1:55071 - R:localhost/127.0.0.1:8080] Received response (auto-read:false) : RESPONSE(decodeResult: success, version: HTTP/1.1)
HTTP/1.1 200 OK
Content-Type: <filtered>
Content-Length: <filtered>
&amp#27;[2m2025-03-10T10:06:25.166+07:00&amp#27;[0;39m &amp#27;[32mTRACE&amp#27;[0;39m &amp#27;[35m11988&amp#27;[0;39m &amp#27;[2m---&amp#27;[0;39m &amp#27;[2m[ctor-http-nio-3]&amp#27;[0;39m &amp#27;[2m&amp#27;[0;39m&amp#27;[36mo.s.w.r.f.client.ExchangeFunctions      &amp#27;[0;39m &amp#27;[2m:&amp#27;[0;39m [58b27966] [9cdf29d6-3] Response 200 OK, headers={masked}
&amp#27;[2m2025-03-10T10:06:25.167+07:00&amp#27;[0;39m &amp#27;[32mDEBUG&amp#27;[0;39m &amp#27;[35m11988&amp#27;[0;39m &amp#27;[2m---&amp#27;[0;39m &amp#27;[2m[ctor-http-nio-3]&amp#27;[0;39m &amp#27;[2m&amp#27;[0;39m&amp#27;[36mr.n.http.client.HttpClientOperations    &amp#27;[0;39m &amp#27;[2m:&amp#27;[0;39m [9cdf29d6-3, L:/127.0.0.1:55071 - R:localhost/127.0.0.1:8080] Received last HTTP packet
&amp#27;[2m2025-03-10T10:06:25.169+07:00&amp#27;[0;39m &amp#27;[32mTRACE&amp#27;[0;39m &amp#27;[35m11988&amp#27;[0;39m &amp#27;[2m---&amp#27;[0;39m &amp#27;[2m[ctor-http-nio-3]&amp#27;[0;39m &amp#27;[2m&amp#27;[0;39m&amp#27;[36mo.s.w.r.f.client.ExchangeFunctions      &amp#27;[0;39m &amp#27;[2m:&amp#27;[0;39m [75f32817] [2d5be852] Response 200 OK, headers={masked}
]]></system-out>
  </testcase>
  <testcase name="getRequestWithHeader3" classname="com.nephren.raven.apiclient.RavenApiClientGetTests" time="0.044">
    <system-out><![CDATA[&amp#27;[2m2025-03-10T10:06:25.185+07:00&amp#27;[0;39m &amp#27;[32mTRACE&amp#27;[0;39m &amp#27;[35m11988&amp#27;[0;39m &amp#27;[2m---&amp#27;[0;39m &amp#27;[2m[           main]&amp#27;[0;39m &amp#27;[2m&amp#27;[0;39m&amp#27;[36mo.s.w.r.f.client.ExchangeFunctions      &amp#27;[0;39m &amp#27;[2m:&amp#27;[0;39m [61d09475] HTTP GET http://localhost:8080/get/withHeader3, headers={masked}
&amp#27;[2m2025-03-10T10:06:25.201+07:00&amp#27;[0;39m &amp#27;[33m WARN&amp#27;[0;39m &amp#27;[35m11988&amp#27;[0;39m &amp#27;[2m---&amp#27;[0;39m &amp#27;[2m[     parallel-6]&amp#27;[0;39m &amp#27;[2m&amp#27;[0;39m&amp#27;[36m.n.r.a.i.RavenApiClientMethodInterceptor&amp#27;[0;39m &amp#27;[2m:&amp#27;[0;39m #RavenApiClientMethodInterceptor - doBody: No body resolver found for method: getRequestWithHeader3
&amp#27;[2m2025-03-10T10:06:25.202+07:00&amp#27;[0;39m &amp#27;[32mTRACE&amp#27;[0;39m &amp#27;[35m11988&amp#27;[0;39m &amp#27;[2m---&amp#27;[0;39m &amp#27;[2m[     parallel-6]&amp#27;[0;39m &amp#27;[2m&amp#27;[0;39m&amp#27;[36mo.s.w.r.f.client.ExchangeFunctions      &amp#27;[0;39m &amp#27;[2m:&amp#27;[0;39m [7512e64c] HTTP GET http://localhost:8080/getRequest-withHeader, headers={masked}
&amp#27;[2m2025-03-10T10:06:25.204+07:00&amp#27;[0;39m &amp#27;[32mDEBUG&amp#27;[0;39m &amp#27;[35m11988&amp#27;[0;39m &amp#27;[2m---&amp#27;[0;39m &amp#27;[2m[ctor-http-nio-3]&amp#27;[0;39m &amp#27;[2m&amp#27;[0;39m&amp#27;[36mr.netty.http.client.HttpClientConnect   &amp#27;[0;39m &amp#27;[2m:&amp#27;[0;39m [9cdf29d6-4, L:/127.0.0.1:55071 - R:localhost/127.0.0.1:8080] Handler is being applied: {uri=http://localhost:8080/getRequest-withHeader, method=GET}
&amp#27;[2m2025-03-10T10:06:25.215+07:00&amp#27;[0;39m &amp#27;[32mDEBUG&amp#27;[0;39m &amp#27;[35m11988&amp#27;[0;39m &amp#27;[2m---&amp#27;[0;39m &amp#27;[2m[ctor-http-nio-3]&amp#27;[0;39m &amp#27;[2m&amp#27;[0;39m&amp#27;[36mr.n.http.client.HttpClientOperations    &amp#27;[0;39m &amp#27;[2m:&amp#27;[0;39m [9cdf29d6-4, L:/127.0.0.1:55071 - R:localhost/127.0.0.1:8080] Received response (auto-read:false) : RESPONSE(decodeResult: success, version: HTTP/1.1)
HTTP/1.1 200 OK
Content-Type: <filtered>
Content-Length: <filtered>
&amp#27;[2m2025-03-10T10:06:25.215+07:00&amp#27;[0;39m &amp#27;[32mTRACE&amp#27;[0;39m &amp#27;[35m11988&amp#27;[0;39m &amp#27;[2m---&amp#27;[0;39m &amp#27;[2m[ctor-http-nio-3]&amp#27;[0;39m &amp#27;[2m&amp#27;[0;39m&amp#27;[36mo.s.w.r.f.client.ExchangeFunctions      &amp#27;[0;39m &amp#27;[2m:&amp#27;[0;39m [7512e64c] [9cdf29d6-4] Response 200 OK, headers={masked}
&amp#27;[2m2025-03-10T10:06:25.216+07:00&amp#27;[0;39m &amp#27;[32mDEBUG&amp#27;[0;39m &amp#27;[35m11988&amp#27;[0;39m &amp#27;[2m---&amp#27;[0;39m &amp#27;[2m[ctor-http-nio-3]&amp#27;[0;39m &amp#27;[2m&amp#27;[0;39m&amp#27;[36mr.n.http.client.HttpClientOperations    &amp#27;[0;39m &amp#27;[2m:&amp#27;[0;39m [9cdf29d6-4, L:/127.0.0.1:55071 - R:localhost/127.0.0.1:8080] Received last HTTP packet
&amp#27;[2m2025-03-10T10:06:25.218+07:00&amp#27;[0;39m &amp#27;[32mTRACE&amp#27;[0;39m &amp#27;[35m11988&amp#27;[0;39m &amp#27;[2m---&amp#27;[0;39m &amp#27;[2m[ctor-http-nio-3]&amp#27;[0;39m &amp#27;[2m&amp#27;[0;39m&amp#27;[36mo.s.w.r.f.client.ExchangeFunctions      &amp#27;[0;39m &amp#27;[2m:&amp#27;[0;39m [61d09475] [2ea61572] Response 200 OK, headers={masked}
]]></system-out>
  </testcase>
  <testcase name="getRequestWithPathVariable" classname="com.nephren.raven.apiclient.RavenApiClientGetTests" time="0.027">
    <system-out><![CDATA[&amp#27;[2m2025-03-10T10:06:25.232+07:00&amp#27;[0;39m &amp#27;[32mTRACE&amp#27;[0;39m &amp#27;[35m11988&amp#27;[0;39m &amp#27;[2m---&amp#27;[0;39m &amp#27;[2m[           main]&amp#27;[0;39m &amp#27;[2m&amp#27;[0;39m&amp#27;[36mo.s.w.r.f.client.ExchangeFunctions      &amp#27;[0;39m &amp#27;[2m:&amp#27;[0;39m [1a66be41] HTTP GET http://localhost:8080/get/withPathVariable/TowaSama, headers={masked}
&amp#27;[2m2025-03-10T10:06:25.237+07:00&amp#27;[0;39m &amp#27;[33m WARN&amp#27;[0;39m &amp#27;[35m11988&amp#27;[0;39m &amp#27;[2m---&amp#27;[0;39m &amp#27;[2m[     parallel-7]&amp#27;[0;39m &amp#27;[2m&amp#27;[0;39m&amp#27;[36m.n.r.a.i.RavenApiClientMethodInterceptor&amp#27;[0;39m &amp#27;[2m:&amp#27;[0;39m #RavenApiClientMethodInterceptor - doBody: No body resolver found for method: getRequestPathVariable
&amp#27;[2m2025-03-10T10:06:25.238+07:00&amp#27;[0;39m &amp#27;[32mTRACE&amp#27;[0;39m &amp#27;[35m11988&amp#27;[0;39m &amp#27;[2m---&amp#27;[0;39m &amp#27;[2m[     parallel-7]&amp#27;[0;39m &amp#27;[2m&amp#27;[0;39m&amp#27;[36mo.s.w.r.f.client.ExchangeFunctions      &amp#27;[0;39m &amp#27;[2m:&amp#27;[0;39m [33cf26e0] HTTP GET http://localhost:8080/getRequest-pathVariable/TowaSama, headers={}
&amp#27;[2m2025-03-10T10:06:25.240+07:00&amp#27;[0;39m &amp#27;[32mDEBUG&amp#27;[0;39m &amp#27;[35m11988&amp#27;[0;39m &amp#27;[2m---&amp#27;[0;39m &amp#27;[2m[ctor-http-nio-3]&amp#27;[0;39m &amp#27;[2m&amp#27;[0;39m&amp#27;[36mr.netty.http.client.HttpClientConnect   &amp#27;[0;39m &amp#27;[2m:&amp#27;[0;39m [9cdf29d6-5, L:/127.0.0.1:55071 - R:localhost/127.0.0.1:8080] Handler is being applied: {uri=http://localhost:8080/getRequest-pathVariable/TowaSama, method=GET}
&amp#27;[2m2025-03-10T10:06:25.248+07:00&amp#27;[0;39m &amp#27;[32mDEBUG&amp#27;[0;39m &amp#27;[35m11988&amp#27;[0;39m &amp#27;[2m---&amp#27;[0;39m &amp#27;[2m[ctor-http-nio-3]&amp#27;[0;39m &amp#27;[2m&amp#27;[0;39m&amp#27;[36mr.n.http.client.HttpClientOperations    &amp#27;[0;39m &amp#27;[2m:&amp#27;[0;39m [9cdf29d6-5, L:/127.0.0.1:55071 - R:localhost/127.0.0.1:8080] Received response (auto-read:false) : RESPONSE(decodeResult: success, version: HTTP/1.1)
HTTP/1.1 200 OK
Content-Type: <filtered>
Content-Length: <filtered>
&amp#27;[2m2025-03-10T10:06:25.248+07:00&amp#27;[0;39m &amp#27;[32mTRACE&amp#27;[0;39m &amp#27;[35m11988&amp#27;[0;39m &amp#27;[2m---&amp#27;[0;39m &amp#27;[2m[ctor-http-nio-3]&amp#27;[0;39m &amp#27;[2m&amp#27;[0;39m&amp#27;[36mo.s.w.r.f.client.ExchangeFunctions      &amp#27;[0;39m &amp#27;[2m:&amp#27;[0;39m [33cf26e0] [9cdf29d6-5] Response 200 OK, headers={masked}
&amp#27;[2m2025-03-10T10:06:25.249+07:00&amp#27;[0;39m &amp#27;[32mDEBUG&amp#27;[0;39m &amp#27;[35m11988&amp#27;[0;39m &amp#27;[2m---&amp#27;[0;39m &amp#27;[2m[ctor-http-nio-3]&amp#27;[0;39m &amp#27;[2m&amp#27;[0;39m&amp#27;[36mr.n.http.client.HttpClientOperations    &amp#27;[0;39m &amp#27;[2m:&amp#27;[0;39m [9cdf29d6-5, L:/127.0.0.1:55071 - R:localhost/127.0.0.1:8080] Received last HTTP packet
&amp#27;[2m2025-03-10T10:06:25.250+07:00&amp#27;[0;39m &amp#27;[32mTRACE&amp#27;[0;39m &amp#27;[35m11988&amp#27;[0;39m &amp#27;[2m---&amp#27;[0;39m &amp#27;[2m[ctor-http-nio-3]&amp#27;[0;39m &amp#27;[2m&amp#27;[0;39m&amp#27;[36mo.s.w.r.f.client.ExchangeFunctions      &amp#27;[0;39m &amp#27;[2m:&amp#27;[0;39m [1a66be41] [1b785c08] Response 200 OK, headers={masked}
]]></system-out>
  </testcase>
  <testcase name="getRequestISEFallback" classname="com.nephren.raven.apiclient.RavenApiClientGetTests" time="0.022">
    <system-out><![CDATA[&amp#27;[2m2025-03-10T10:06:25.263+07:00&amp#27;[0;39m &amp#27;[32mTRACE&amp#27;[0;39m &amp#27;[35m11988&amp#27;[0;39m &amp#27;[2m---&amp#27;[0;39m &amp#27;[2m[           main]&amp#27;[0;39m &amp#27;[2m&amp#27;[0;39m&amp#27;[36mo.s.w.r.f.client.ExchangeFunctions      &amp#27;[0;39m &amp#27;[2m:&amp#27;[0;39m [105ffc58] HTTP GET http://localhost:8080/get/ISE-fallback, headers={masked}
&amp#27;[2m2025-03-10T10:06:25.267+07:00&amp#27;[0;39m &amp#27;[33m WARN&amp#27;[0;39m &amp#27;[35m11988&amp#27;[0;39m &amp#27;[2m---&amp#27;[0;39m &amp#27;[2m[     parallel-8]&amp#27;[0;39m &amp#27;[2m&amp#27;[0;39m&amp#27;[36m.n.r.a.i.RavenApiClientMethodInterceptor&amp#27;[0;39m &amp#27;[2m:&amp#27;[0;39m #RavenApiClientMethodInterceptor - doBody: No body resolver found for method: getRequestISE
&amp#27;[2m2025-03-10T10:06:25.269+07:00&amp#27;[0;39m &amp#27;[32mTRACE&amp#27;[0;39m &amp#27;[35m11988&amp#27;[0;39m &amp#27;[2m---&amp#27;[0;39m &amp#27;[2m[     parallel-8]&amp#27;[0;39m &amp#27;[2m&amp#27;[0;39m&amp#27;[36mo.s.w.r.f.client.ExchangeFunctions      &amp#27;[0;39m &amp#27;[2m:&amp#27;[0;39m [6ba36a0e] HTTP GET http://localhost:8081/getRequest-ISE, headers={masked}
&amp#27;[2m2025-03-10T10:06:25.275+07:00&amp#27;[0;39m &amp#27;[31mERROR&amp#27;[0;39m &amp#27;[35m11988&amp#27;[0;39m &amp#27;[2m---&amp#27;[0;39m &amp#27;[2m[ctor-http-nio-4]&amp#27;[0;39m &amp#27;[2m&amp#27;[0;39m&amp#27;[36m.s.c.f.ExampleClientWithFallbackFallback&amp#27;[0;39m &amp#27;[2m:&amp#27;[0;39m #ExampleClientWithFallbackFallback.getRequest - Fallback during calling getRequestISE
&amp#27;[2m2025-03-10T10:06:25.277+07:00&amp#27;[0;39m &amp#27;[32mTRACE&amp#27;[0;39m &amp#27;[35m11988&amp#27;[0;39m &amp#27;[2m---&amp#27;[0;39m &amp#27;[2m[ctor-http-nio-4]&amp#27;[0;39m &amp#27;[2m&amp#27;[0;39m&amp#27;[36mo.s.w.r.f.client.ExchangeFunctions      &amp#27;[0;39m &amp#27;[2m:&amp#27;[0;39m [105ffc58] [4df7e3b9] Response 200 OK, headers={masked}
]]></system-out>
  </testcase>
  <testcase name="getRequestWithRequestMapping" classname="com.nephren.raven.apiclient.RavenApiClientGetTests" time="0.033">
    <system-out><![CDATA[&amp#27;[2m2025-03-10T10:06:25.295+07:00&amp#27;[0;39m &amp#27;[32mTRACE&amp#27;[0;39m &amp#27;[35m11988&amp#27;[0;39m &amp#27;[2m---&amp#27;[0;39m &amp#27;[2m[           main]&amp#27;[0;39m &amp#27;[2m&amp#27;[0;39m&amp#27;[36mo.s.w.r.f.client.ExchangeFunctions      &amp#27;[0;39m &amp#27;[2m:&amp#27;[0;39m [749ad37c] HTTP GET http://localhost:8080/get/request-mapping, headers={masked}
&amp#27;[2m2025-03-10T10:06:25.298+07:00&amp#27;[0;39m &amp#27;[33m WARN&amp#27;[0;39m &amp#27;[35m11988&amp#27;[0;39m &amp#27;[2m---&amp#27;[0;39m &amp#27;[2m[     parallel-1]&amp#27;[0;39m &amp#27;[2m&amp#27;[0;39m&amp#27;[36m.n.r.a.i.RavenApiClientMethodInterceptor&amp#27;[0;39m &amp#27;[2m:&amp#27;[0;39m #RavenApiClientMethodInterceptor - doBody: No body resolver found for method: getRequestWithRequestMapping
&amp#27;[2m2025-03-10T10:06:25.299+07:00&amp#27;[0;39m &amp#27;[32mTRACE&amp#27;[0;39m &amp#27;[35m11988&amp#27;[0;39m &amp#27;[2m---&amp#27;[0;39m &amp#27;[2m[     parallel-1]&amp#27;[0;39m &amp#27;[2m&amp#27;[0;39m&amp#27;[36mo.s.w.r.f.client.ExchangeFunctions      &amp#27;[0;39m &amp#27;[2m:&amp#27;[0;39m [26238b92] HTTP GET http://localhost:8080/getRequest, headers={masked}
&amp#27;[2m2025-03-10T10:06:25.300+07:00&amp#27;[0;39m &amp#27;[32mDEBUG&amp#27;[0;39m &amp#27;[35m11988&amp#27;[0;39m &amp#27;[2m---&amp#27;[0;39m &amp#27;[2m[ctor-http-nio-3]&amp#27;[0;39m &amp#27;[2m&amp#27;[0;39m&amp#27;[36mr.netty.http.client.HttpClientConnect   &amp#27;[0;39m &amp#27;[2m:&amp#27;[0;39m [9cdf29d6-6, L:/127.0.0.1:55071 - R:localhost/127.0.0.1:8080] Handler is being applied: {uri=http://localhost:8080/getRequest, method=GET}
&amp#27;[2m2025-03-10T10:06:25.306+07:00&amp#27;[0;39m &amp#27;[32mDEBUG&amp#27;[0;39m &amp#27;[35m11988&amp#27;[0;39m &amp#27;[2m---&amp#27;[0;39m &amp#27;[2m[ctor-http-nio-3]&amp#27;[0;39m &amp#27;[2m&amp#27;[0;39m&amp#27;[36mr.n.http.client.HttpClientOperations    &amp#27;[0;39m &amp#27;[2m:&amp#27;[0;39m [9cdf29d6-6, L:/127.0.0.1:55071 - R:localhost/127.0.0.1:8080] Received response (auto-read:false) : RESPONSE(decodeResult: success, version: HTTP/1.1)
HTTP/1.1 200 OK
Content-Type: <filtered>
Content-Length: <filtered>
&amp#27;[2m2025-03-10T10:06:25.309+07:00&amp#27;[0;39m &amp#27;[32mTRACE&amp#27;[0;39m &amp#27;[35m11988&amp#27;[0;39m &amp#27;[2m---&amp#27;[0;39m &amp#27;[2m[ctor-http-nio-3]&amp#27;[0;39m &amp#27;[2m&amp#27;[0;39m&amp#27;[36mo.s.w.r.f.client.ExchangeFunctions      &amp#27;[0;39m &amp#27;[2m:&amp#27;[0;39m [26238b92] [9cdf29d6-6] Response 200 OK, headers={masked}
&amp#27;[2m2025-03-10T10:06:25.310+07:00&amp#27;[0;39m &amp#27;[32mDEBUG&amp#27;[0;39m &amp#27;[35m11988&amp#27;[0;39m &amp#27;[2m---&amp#27;[0;39m &amp#27;[2m[ctor-http-nio-3]&amp#27;[0;39m &amp#27;[2m&amp#27;[0;39m&amp#27;[36mr.n.http.client.HttpClientOperations    &amp#27;[0;39m &amp#27;[2m:&amp#27;[0;39m [9cdf29d6-6, L:/127.0.0.1:55071 - R:localhost/127.0.0.1:8080] Received last HTTP packet
&amp#27;[2m2025-03-10T10:06:25.312+07:00&amp#27;[0;39m &amp#27;[32mTRACE&amp#27;[0;39m &amp#27;[35m11988&amp#27;[0;39m &amp#27;[2m---&amp#27;[0;39m &amp#27;[2m[ctor-http-nio-3]&amp#27;[0;39m &amp#27;[2m&amp#27;[0;39m&amp#27;[36mo.s.w.r.f.client.ExchangeFunctions      &amp#27;[0;39m &amp#27;[2m:&amp#27;[0;39m [749ad37c] [6d3c7457] Response 200 OK, headers={masked}
]]></system-out>
  </testcase>
  <testcase name="getRequestISEOtherFallback" classname="com.nephren.raven.apiclient.RavenApiClientGetTests" time="0.017">
    <system-out><![CDATA[&amp#27;[2m2025-03-10T10:06:25.327+07:00&amp#27;[0;39m &amp#27;[32mTRACE&amp#27;[0;39m &amp#27;[35m11988&amp#27;[0;39m &amp#27;[2m---&amp#27;[0;39m &amp#27;[2m[           main]&amp#27;[0;39m &amp#27;[2m&amp#27;[0;39m&amp#27;[36mo.s.w.r.f.client.ExchangeFunctions      &amp#27;[0;39m &amp#27;[2m:&amp#27;[0;39m [59b98ad1] HTTP GET http://localhost:8080/get/ISE-other-fallback, headers={masked}
&amp#27;[2m2025-03-10T10:06:25.330+07:00&amp#27;[0;39m &amp#27;[33m WARN&amp#27;[0;39m &amp#27;[35m11988&amp#27;[0;39m &amp#27;[2m---&amp#27;[0;39m &amp#27;[2m[     parallel-2]&amp#27;[0;39m &amp#27;[2m&amp#27;[0;39m&amp#27;[36m.n.r.a.i.RavenApiClientMethodInterceptor&amp#27;[0;39m &amp#27;[2m:&amp#27;[0;39m #RavenApiClientMethodInterceptor - doBody: No body resolver found for method: getRequestISE
&amp#27;[2m2025-03-10T10:06:25.331+07:00&amp#27;[0;39m &amp#27;[32mTRACE&amp#27;[0;39m &amp#27;[35m11988&amp#27;[0;39m &amp#27;[2m---&amp#27;[0;39m &amp#27;[2m[     parallel-2]&amp#27;[0;39m &amp#27;[2m&amp#27;[0;39m&amp#27;[36mo.s.w.r.f.client.ExchangeFunctions      &amp#27;[0;39m &amp#27;[2m:&amp#27;[0;39m [2e74cc6a] HTTP GET http://localhost:8081/getRequest-ISE, headers={masked}
&amp#27;[2m2025-03-10T10:06:25.335+07:00&amp#27;[0;39m &amp#27;[31mERROR&amp#27;[0;39m &amp#27;[35m11988&amp#27;[0;39m &amp#27;[2m---&amp#27;[0;39m &amp#27;[2m[ctor-http-nio-5]&amp#27;[0;39m &amp#27;[2m&amp#27;[0;39m&amp#27;[36mf.ExampleClientWithFallbackOtherFallback&amp#27;[0;39m &amp#27;[2m:&amp#27;[0;39m #ExampleClientWithFallbackOtherFallback.getRequest - Fallback during calling getRequestISE
&amp#27;[2m2025-03-10T10:06:25.336+07:00&amp#27;[0;39m &amp#27;[32mTRACE&amp#27;[0;39m &amp#27;[35m11988&amp#27;[0;39m &amp#27;[2m---&amp#27;[0;39m &amp#27;[2m[ctor-http-nio-5]&amp#27;[0;39m &amp#27;[2m&amp#27;[0;39m&amp#27;[36mo.s.w.r.f.client.ExchangeFunctions      &amp#27;[0;39m &amp#27;[2m:&amp#27;[0;39m [59b98ad1] [1912841e] Response 200 OK, headers={masked}
]]></system-out>
  </testcase>
  <testcase name="getRequestListWithoutResponseEntity" classname="com.nephren.raven.apiclient.RavenApiClientGetTests" time="0.05">
    <system-out><![CDATA[&amp#27;[2m2025-03-10T10:06:25.346+07:00&amp#27;[0;39m &amp#27;[32mTRACE&amp#27;[0;39m &amp#27;[35m11988&amp#27;[0;39m &amp#27;[2m---&amp#27;[0;39m &amp#27;[2m[           main]&amp#27;[0;39m &amp#27;[2m&amp#27;[0;39m&amp#27;[36mo.s.w.r.f.client.ExchangeFunctions      &amp#27;[0;39m &amp#27;[2m:&amp#27;[0;39m [7bbd76b8] HTTP GET http://localhost:8080/get/listWithoutResponseEntity, headers={masked}
&amp#27;[2m2025-03-10T10:06:25.352+07:00&amp#27;[0;39m &amp#27;[33m WARN&amp#27;[0;39m &amp#27;[35m11988&amp#27;[0;39m &amp#27;[2m---&amp#27;[0;39m &amp#27;[2m[     parallel-3]&amp#27;[0;39m &amp#27;[2m&amp#27;[0;39m&amp#27;[36m.n.r.a.i.RavenApiClientMethodInterceptor&amp#27;[0;39m &amp#27;[2m:&amp#27;[0;39m #RavenApiClientMethodInterceptor - doBody: No body resolver found for method: getRequestListWithoutResponseEntity
&amp#27;[2m2025-03-10T10:06:25.353+07:00&amp#27;[0;39m &amp#27;[32mTRACE&amp#27;[0;39m &amp#27;[35m11988&amp#27;[0;39m &amp#27;[2m---&amp#27;[0;39m &amp#27;[2m[     parallel-3]&amp#27;[0;39m &amp#27;[2m&amp#27;[0;39m&amp#27;[36mo.s.w.r.f.client.ExchangeFunctions      &amp#27;[0;39m &amp#27;[2m:&amp#27;[0;39m [6ab75eb4] HTTP GET http://localhost:8080/getRequest-listWithoutResponseEntity, headers={}
&amp#27;[2m2025-03-10T10:06:25.356+07:00&amp#27;[0;39m &amp#27;[32mDEBUG&amp#27;[0;39m &amp#27;[35m11988&amp#27;[0;39m &amp#27;[2m---&amp#27;[0;39m &amp#27;[2m[ctor-http-nio-3]&amp#27;[0;39m &amp#27;[2m&amp#27;[0;39m&amp#27;[36mr.netty.http.client.HttpClientConnect   &amp#27;[0;39m &amp#27;[2m:&amp#27;[0;39m [9cdf29d6-7, L:/127.0.0.1:55071 - R:localhost/127.0.0.1:8080] Handler is being applied: {uri=http://localhost:8080/getRequest-listWithoutResponseEntity, method=GET}
&amp#27;[2m2025-03-10T10:06:25.364+07:00&amp#27;[0;39m &amp#27;[32mDEBUG&amp#27;[0;39m &amp#27;[35m11988&amp#27;[0;39m &amp#27;[2m---&amp#27;[0;39m &amp#27;[2m[ctor-http-nio-3]&amp#27;[0;39m &amp#27;[2m&amp#27;[0;39m&amp#27;[36mr.n.http.client.HttpClientOperations    &amp#27;[0;39m &amp#27;[2m:&amp#27;[0;39m [9cdf29d6-7, L:/127.0.0.1:55071 - R:localhost/127.0.0.1:8080] Received response (auto-read:false) : RESPONSE(decodeResult: success, version: HTTP/1.1)
HTTP/1.1 200 OK
Content-Type: <filtered>
Content-Length: <filtered>
&amp#27;[2m2025-03-10T10:06:25.364+07:00&amp#27;[0;39m &amp#27;[32mTRACE&amp#27;[0;39m &amp#27;[35m11988&amp#27;[0;39m &amp#27;[2m---&amp#27;[0;39m &amp#27;[2m[ctor-http-nio-3]&amp#27;[0;39m &amp#27;[2m&amp#27;[0;39m&amp#27;[36mo.s.w.r.f.client.ExchangeFunctions      &amp#27;[0;39m &amp#27;[2m:&amp#27;[0;39m [6ab75eb4] [9cdf29d6-7] Response 200 OK, headers={masked}
&amp#27;[2m2025-03-10T10:06:25.369+07:00&amp#27;[0;39m &amp#27;[32mDEBUG&amp#27;[0;39m &amp#27;[35m11988&amp#27;[0;39m &amp#27;[2m---&amp#27;[0;39m &amp#27;[2m[ctor-http-nio-3]&amp#27;[0;39m &amp#27;[2m&amp#27;[0;39m&amp#27;[36mr.n.http.client.HttpClientOperations    &amp#27;[0;39m &amp#27;[2m:&amp#27;[0;39m [9cdf29d6-7, L:/127.0.0.1:55071 - R:localhost/127.0.0.1:8080] Received last HTTP packet
&amp#27;[2m2025-03-10T10:06:25.389+07:00&amp#27;[0;39m &amp#27;[32mTRACE&amp#27;[0;39m &amp#27;[35m11988&amp#27;[0;39m &amp#27;[2m---&amp#27;[0;39m &amp#27;[2m[ctor-http-nio-3]&amp#27;[0;39m &amp#27;[2m&amp#27;[0;39m&amp#27;[36mo.s.w.r.f.client.ExchangeFunctions      &amp#27;[0;39m &amp#27;[2m:&amp#27;[0;39m [7bbd76b8] [655a4897] Response 200 OK, headers={masked}
]]></system-out>
  </testcase>
  <testcase name="getRequestWithCookieParam" classname="com.nephren.raven.apiclient.RavenApiClientGetTests" time="0.036">
    <system-out><![CDATA[&amp#27;[2m2025-03-10T10:06:25.400+07:00&amp#27;[0;39m &amp#27;[32mTRACE&amp#27;[0;39m &amp#27;[35m11988&amp#27;[0;39m &amp#27;[2m---&amp#27;[0;39m &amp#27;[2m[           main]&amp#27;[0;39m &amp#27;[2m&amp#27;[0;39m&amp#27;[36mo.s.w.r.f.client.ExchangeFunctions      &amp#27;[0;39m &amp#27;[2m:&amp#27;[0;39m [37b238da] HTTP GET http://localhost:8080/get/withCookieParam, headers={masked}
&amp#27;[2m2025-03-10T10:06:25.411+07:00&amp#27;[0;39m &amp#27;[33m WARN&amp#27;[0;39m &amp#27;[35m11988&amp#27;[0;39m &amp#27;[2m---&amp#27;[0;39m &amp#27;[2m[     parallel-4]&amp#27;[0;39m &amp#27;[2m&amp#27;[0;39m&amp#27;[36m.n.r.a.i.RavenApiClientMethodInterceptor&amp#27;[0;39m &amp#27;[2m:&amp#27;[0;39m #RavenApiClientMethodInterceptor - doBody: No body resolver found for method: getRequestWithCookieParam
&amp#27;[2m2025-03-10T10:06:25.412+07:00&amp#27;[0;39m &amp#27;[32mTRACE&amp#27;[0;39m &amp#27;[35m11988&amp#27;[0;39m &amp#27;[2m---&amp#27;[0;39m &amp#27;[2m[     parallel-4]&amp#27;[0;39m &amp#27;[2m&amp#27;[0;39m&amp#27;[36mo.s.w.r.f.client.ExchangeFunctions      &amp#27;[0;39m &amp#27;[2m:&amp#27;[0;39m [ef8f46a] HTTP GET http://localhost:8080/getRequest-cookieParam, headers={masked}
&amp#27;[2m2025-03-10T10:06:25.413+07:00&amp#27;[0;39m &amp#27;[32mDEBUG&amp#27;[0;39m &amp#27;[35m11988&amp#27;[0;39m &amp#27;[2m---&amp#27;[0;39m &amp#27;[2m[ctor-http-nio-3]&amp#27;[0;39m &amp#27;[2m&amp#27;[0;39m&amp#27;[36mr.netty.http.client.HttpClientConnect   &amp#27;[0;39m &amp#27;[2m:&amp#27;[0;39m [9cdf29d6-8, L:/127.0.0.1:55071 - R:localhost/127.0.0.1:8080] Handler is being applied: {uri=http://localhost:8080/getRequest-cookieParam, method=GET}
&amp#27;[2m2025-03-10T10:06:25.422+07:00&amp#27;[0;39m &amp#27;[32mDEBUG&amp#27;[0;39m &amp#27;[35m11988&amp#27;[0;39m &amp#27;[2m---&amp#27;[0;39m &amp#27;[2m[ctor-http-nio-3]&amp#27;[0;39m &amp#27;[2m&amp#27;[0;39m&amp#27;[36mr.n.http.client.HttpClientOperations    &amp#27;[0;39m &amp#27;[2m:&amp#27;[0;39m [9cdf29d6-8, L:/127.0.0.1:55071 - R:localhost/127.0.0.1:8080] Received response (auto-read:false) : RESPONSE(decodeResult: success, version: HTTP/1.1)
HTTP/1.1 200 OK
Content-Type: <filtered>
Content-Length: <filtered>
&amp#27;[2m2025-03-10T10:06:25.423+07:00&amp#27;[0;39m &amp#27;[32mTRACE&amp#27;[0;39m &amp#27;[35m11988&amp#27;[0;39m &amp#27;[2m---&amp#27;[0;39m &amp#27;[2m[ctor-http-nio-3]&amp#27;[0;39m &amp#27;[2m&amp#27;[0;39m&amp#27;[36mo.s.w.r.f.client.ExchangeFunctions      &amp#27;[0;39m &amp#27;[2m:&amp#27;[0;39m [ef8f46a] [9cdf29d6-8] Response 200 OK, headers={masked}
&amp#27;[2m2025-03-10T10:06:25.425+07:00&amp#27;[0;39m &amp#27;[32mDEBUG&amp#27;[0;39m &amp#27;[35m11988&amp#27;[0;39m &amp#27;[2m---&amp#27;[0;39m &amp#27;[2m[ctor-http-nio-3]&amp#27;[0;39m &amp#27;[2m&amp#27;[0;39m&amp#27;[36mr.n.http.client.HttpClientOperations    &amp#27;[0;39m &amp#27;[2m:&amp#27;[0;39m [9cdf29d6-8, L:/127.0.0.1:55071 - R:localhost/127.0.0.1:8080] Received last HTTP packet
&amp#27;[2m2025-03-10T10:06:25.427+07:00&amp#27;[0;39m &amp#27;[32mTRACE&amp#27;[0;39m &amp#27;[35m11988&amp#27;[0;39m &amp#27;[2m---&amp#27;[0;39m &amp#27;[2m[ctor-http-nio-3]&amp#27;[0;39m &amp#27;[2m&amp#27;[0;39m&amp#27;[36mo.s.w.r.f.client.ExchangeFunctions      &amp#27;[0;39m &amp#27;[2m:&amp#27;[0;39m [37b238da] [40d9b9ea] Response 200 OK, headers={masked}
]]></system-out>
  </testcase>
  <testcase name="getRequestWithoutResponseEntity" classname="com.nephren.raven.apiclient.RavenApiClientGetTests" time="0.024">
    <system-out><![CDATA[&amp#27;[2m2025-03-10T10:06:25.438+07:00&amp#27;[0;39m &amp#27;[32mTRACE&amp#27;[0;39m &amp#27;[35m11988&amp#27;[0;39m &amp#27;[2m---&amp#27;[0;39m &amp#27;[2m[           main]&amp#27;[0;39m &amp#27;[2m&amp#27;[0;39m&amp#27;[36mo.s.w.r.f.client.ExchangeFunctions      &amp#27;[0;39m &amp#27;[2m:&amp#27;[0;39m [ce19c86] HTTP GET http://localhost:8080/get/withoutResponseEntity, headers={masked}
&amp#27;[2m2025-03-10T10:06:25.443+07:00&amp#27;[0;39m &amp#27;[33m WARN&amp#27;[0;39m &amp#27;[35m11988&amp#27;[0;39m &amp#27;[2m---&amp#27;[0;39m &amp#27;[2m[     parallel-5]&amp#27;[0;39m &amp#27;[2m&amp#27;[0;39m&amp#27;[36m.n.r.a.i.RavenApiClientMethodInterceptor&amp#27;[0;39m &amp#27;[2m:&amp#27;[0;39m #RavenApiClientMethodInterceptor - doBody: No body resolver found for method: getRequestWithoutResponseEntity
&amp#27;[2m2025-03-10T10:06:25.445+07:00&amp#27;[0;39m &amp#27;[32mTRACE&amp#27;[0;39m &amp#27;[35m11988&amp#27;[0;39m &amp#27;[2m---&amp#27;[0;39m &amp#27;[2m[     parallel-5]&amp#27;[0;39m &amp#27;[2m&amp#27;[0;39m&amp#27;[36mo.s.w.r.f.client.ExchangeFunctions      &amp#27;[0;39m &amp#27;[2m:&amp#27;[0;39m [636e36f9] HTTP GET http://localhost:8080/getRequest-withoutResponseEntity, headers={masked}
&amp#27;[2m2025-03-10T10:06:25.446+07:00&amp#27;[0;39m &amp#27;[32mDEBUG&amp#27;[0;39m &amp#27;[35m11988&amp#27;[0;39m &amp#27;[2m---&amp#27;[0;39m &amp#27;[2m[ctor-http-nio-3]&amp#27;[0;39m &amp#27;[2m&amp#27;[0;39m&amp#27;[36mr.netty.http.client.HttpClientConnect   &amp#27;[0;39m &amp#27;[2m:&amp#27;[0;39m [9cdf29d6-9, L:/127.0.0.1:55071 - R:localhost/127.0.0.1:8080] Handler is being applied: {uri=http://localhost:8080/getRequest-withoutResponseEntity, method=GET}
&amp#27;[2m2025-03-10T10:06:25.451+07:00&amp#27;[0;39m &amp#27;[32mDEBUG&amp#27;[0;39m &amp#27;[35m11988&amp#27;[0;39m &amp#27;[2m---&amp#27;[0;39m &amp#27;[2m[ctor-http-nio-3]&amp#27;[0;39m &amp#27;[2m&amp#27;[0;39m&amp#27;[36mr.n.http.client.HttpClientOperations    &amp#27;[0;39m &amp#27;[2m:&amp#27;[0;39m [9cdf29d6-9, L:/127.0.0.1:55071 - R:localhost/127.0.0.1:8080] Received response (auto-read:false) : RESPONSE(decodeResult: success, version: HTTP/1.1)
HTTP/1.1 200 OK
Content-Type: <filtered>
Content-Length: <filtered>
&amp#27;[2m2025-03-10T10:06:25.452+07:00&amp#27;[0;39m &amp#27;[32mTRACE&amp#27;[0;39m &amp#27;[35m11988&amp#27;[0;39m &amp#27;[2m---&amp#27;[0;39m &amp#27;[2m[ctor-http-nio-3]&amp#27;[0;39m &amp#27;[2m&amp#27;[0;39m&amp#27;[36mo.s.w.r.f.client.ExchangeFunctions      &amp#27;[0;39m &amp#27;[2m:&amp#27;[0;39m [636e36f9] [9cdf29d6-9] Response 200 OK, headers={masked}
&amp#27;[2m2025-03-10T10:06:25.453+07:00&amp#27;[0;39m &amp#27;[32mDEBUG&amp#27;[0;39m &amp#27;[35m11988&amp#27;[0;39m &amp#27;[2m---&amp#27;[0;39m &amp#27;[2m[ctor-http-nio-3]&amp#27;[0;39m &amp#27;[2m&amp#27;[0;39m&amp#27;[36mr.n.http.client.HttpClientOperations    &amp#27;[0;39m &amp#27;[2m:&amp#27;[0;39m [9cdf29d6-9, L:/127.0.0.1:55071 - R:localhost/127.0.0.1:8080] Received last HTTP packet
&amp#27;[2m2025-03-10T10:06:25.454+07:00&amp#27;[0;39m &amp#27;[32mTRACE&amp#27;[0;39m &amp#27;[35m11988&amp#27;[0;39m &amp#27;[2m---&amp#27;[0;39m &amp#27;[2m[ctor-http-nio-3]&amp#27;[0;39m &amp#27;[2m&amp#27;[0;39m&amp#27;[36mo.s.w.r.f.client.ExchangeFunctions      &amp#27;[0;39m &amp#27;[2m:&amp#27;[0;39m [ce19c86] [133443f5] Response 200 OK, headers={masked}
]]></system-out>
  </testcase>
  <testcase name="getRequestISEOtherFallbackNoFallbackMethod" classname="com.nephren.raven.apiclient.RavenApiClientGetTests" time="0.024">
    <system-out><![CDATA[&amp#27;[2m2025-03-10T10:06:25.467+07:00&amp#27;[0;39m &amp#27;[32mTRACE&amp#27;[0;39m &amp#27;[35m11988&amp#27;[0;39m &amp#27;[2m---&amp#27;[0;39m &amp#27;[2m[           main]&amp#27;[0;39m &amp#27;[2m&amp#27;[0;39m&amp#27;[36mo.s.w.r.f.client.ExchangeFunctions      &amp#27;[0;39m &amp#27;[2m:&amp#27;[0;39m [4e951fb1] HTTP GET http://localhost:8080/get/ISE-other-fallback-no-fallback-method, headers={masked}
&amp#27;[2m2025-03-10T10:06:25.471+07:00&amp#27;[0;39m &amp#27;[33m WARN&amp#27;[0;39m &amp#27;[35m11988&amp#27;[0;39m &amp#27;[2m---&amp#27;[0;39m &amp#27;[2m[     parallel-6]&amp#27;[0;39m &amp#27;[2m&amp#27;[0;39m&amp#27;[36m.n.r.a.i.RavenApiClientMethodInterceptor&amp#27;[0;39m &amp#27;[2m:&amp#27;[0;39m #RavenApiClientMethodInterceptor - doBody: No body resolver found for method: getRequestISENoFallbackMethod
&amp#27;[2m2025-03-10T10:06:25.472+07:00&amp#27;[0;39m &amp#27;[32mTRACE&amp#27;[0;39m &amp#27;[35m11988&amp#27;[0;39m &amp#27;[2m---&amp#27;[0;39m &amp#27;[2m[     parallel-6]&amp#27;[0;39m &amp#27;[2m&amp#27;[0;39m&amp#27;[36mo.s.w.r.f.client.ExchangeFunctions      &amp#27;[0;39m &amp#27;[2m:&amp#27;[0;39m [342fec77] HTTP GET http://localhost:8081/getRequest-ISE-no-fallback-method, headers={masked}
&amp#27;[2m2025-03-10T10:06:25.479+07:00&amp#27;[0;39m &amp#27;[31mERROR&amp#27;[0;39m &amp#27;[35m11988&amp#27;[0;39m &amp#27;[2m---&amp#27;[0;39m &amp#27;[2m[ctor-http-nio-6]&amp#27;[0;39m &amp#27;[2m&amp#27;[0;39m&amp#27;[36ma.w.r.e.AbstractErrorWebExceptionHandler&amp#27;[0;39m &amp#27;[2m:&amp#27;[0;39m [712d6c36]  500 Server Error for HTTP GET "/get/ISE-other-fallback-no-fallback-method"

org.springframework.web.reactive.function.client.WebClientRequestException: Connection refused: getsockopt: localhost/127.0.0.1:8081
	at org.springframework.web.reactive.function.client.ExchangeFunctions$DefaultExchangeFunction.lambda$wrapException$9(ExchangeFunctions.java:136) ~[spring-webflux-6.1.11.jar:6.1.11]
	Suppressed: reactor.core.publisher.FluxOnAssembly$OnAssemblyException: 
Error has been observed at the following site(s):
	*__checkpoint ⇢ Request to GET http://localhost:8081/getRequest-ISE-no-fallback-method [DefaultWebClient]
	*__checkpoint ⇢ Handler com.nephren.raven.apiclient.serviceExample.controller.GETController#getRequestISEWithOtherFallbackNoFallbackMethod() [DispatcherHandler]
	*__checkpoint ⇢ HTTP GET "/get/ISE-other-fallback-no-fallback-method" [ExceptionHandlingWebHandler]
Original Stack Trace:
		at org.springframework.web.reactive.function.client.ExchangeFunctions$DefaultExchangeFunction.lambda$wrapException$9(ExchangeFunctions.java:136) ~[spring-webflux-6.1.11.jar:6.1.11]
		at reactor.core.publisher.MonoErrorSupplied.subscribe(MonoErrorSupplied.java:55) ~[reactor-core-3.6.8.jar:3.6.8]
		at reactor.core.publisher.Mono.subscribe(Mono.java:4568) ~[reactor-core-3.6.8.jar:3.6.8]
		at reactor.core.publisher.FluxOnErrorResume$ResumeSubscriber.onError(FluxOnErrorResume.java:103) ~[reactor-core-3.6.8.jar:3.6.8]
		at reactor.core.publisher.FluxPeek$PeekSubscriber.onError(FluxPeek.java:222) ~[reactor-core-3.6.8.jar:3.6.8]
		at reactor.core.publisher.FluxPeek$PeekSubscriber.onError(FluxPeek.java:222) ~[reactor-core-3.6.8.jar:3.6.8]
		at reactor.core.publisher.FluxPeek$PeekSubscriber.onError(FluxPeek.java:222) ~[reactor-core-3.6.8.jar:3.6.8]
		at reactor.core.publisher.MonoNext$NextSubscriber.onError(MonoNext.java:93) ~[reactor-core-3.6.8.jar:3.6.8]
		at reactor.core.publisher.MonoFlatMapMany$FlatMapManyMain.onError(MonoFlatMapMany.java:205) ~[reactor-core-3.6.8.jar:3.6.8]
		at reactor.core.publisher.SerializedSubscriber.onError(SerializedSubscriber.java:124) ~[reactor-core-3.6.8.jar:3.6.8]
		at reactor.core.publisher.FluxRetryWhen$RetryWhenMainSubscriber.whenError(FluxRetryWhen.java:229) ~[reactor-core-3.6.8.jar:3.6.8]
		at reactor.core.publisher.FluxRetryWhen$RetryWhenOtherSubscriber.onError(FluxRetryWhen.java:279) ~[reactor-core-3.6.8.jar:3.6.8]
		at reactor.core.publisher.FluxContextWrite$ContextWriteSubscriber.onError(FluxContextWrite.java:121) ~[reactor-core-3.6.8.jar:3.6.8]
		at reactor.core.publisher.FluxConcatMapNoPrefetch$FluxConcatMapNoPrefetchSubscriber.maybeOnError(FluxConcatMapNoPrefetch.java:327) ~[reactor-core-3.6.8.jar:3.6.8]
		at reactor.core.publisher.FluxConcatMapNoPrefetch$FluxConcatMapNoPrefetchSubscriber.onNext(FluxConcatMapNoPrefetch.java:212) ~[reactor-core-3.6.8.jar:3.6.8]
		at reactor.core.publisher.FluxContextWrite$ContextWriteSubscriber.onNext(FluxContextWrite.java:107) ~[reactor-core-3.6.8.jar:3.6.8]
		at reactor.core.publisher.SinkManyEmitterProcessor.drain(SinkManyEmitterProcessor.java:476) ~[reactor-core-3.6.8.jar:3.6.8]
		at reactor.core.publisher.SinkManyEmitterProcessor$EmitterInner.drainParent(SinkManyEmitterProcessor.java:620) ~[reactor-core-3.6.8.jar:3.6.8]
		at reactor.core.publisher.FluxPublish$PubSubInner.request(FluxPublish.java:874) ~[reactor-core-3.6.8.jar:3.6.8]
		at reactor.core.publisher.FluxContextWrite$ContextWriteSubscriber.request(FluxContextWrite.java:136) ~[reactor-core-3.6.8.jar:3.6.8]
		at reactor.core.publisher.FluxConcatMapNoPrefetch$FluxConcatMapNoPrefetchSubscriber.request(FluxConcatMapNoPrefetch.java:337) ~[reactor-core-3.6.8.jar:3.6.8]
		at reactor.core.publisher.FluxContextWrite$ContextWriteSubscriber.request(FluxContextWrite.java:136) ~[reactor-core-3.6.8.jar:3.6.8]
		at reactor.core.publisher.Operators$DeferredSubscription.request(Operators.java:1743) ~[reactor-core-3.6.8.jar:3.6.8]
		at reactor.core.publisher.FluxRetryWhen$RetryWhenMainSubscriber.onError(FluxRetryWhen.java:196) ~[reactor-core-3.6.8.jar:3.6.8]
		at reactor.core.publisher.MonoCreate$DefaultMonoSink.error(MonoCreate.java:205) ~[reactor-core-3.6.8.jar:3.6.8]
		at reactor.netty.http.client.HttpClientConnect$MonoHttpConnect$ClientTransportSubscriber.onError(HttpClientConnect.java:311) ~[reactor-netty-http-1.1.21.jar:1.1.21]
		at reactor.core.publisher.MonoCreate$DefaultMonoSink.error(MonoCreate.java:205) ~[reactor-core-3.6.8.jar:3.6.8]
		at reactor.netty.resources.DefaultPooledConnectionProvider$DisposableAcquire.onError(DefaultPooledConnectionProvider.java:172) ~[reactor-netty-core-1.1.21.jar:1.1.21]
		at reactor.netty.internal.shaded.reactor.pool.AbstractPool$Borrower.fail(AbstractPool.java:480) ~[reactor-netty-core-1.1.21.jar:1.1.21]
		at reactor.netty.internal.shaded.reactor.pool.SimpleDequePool.lambda$drainLoop$9(SimpleDequePool.java:436) ~[reactor-netty-core-1.1.21.jar:1.1.21]
		at reactor.core.publisher.FluxDoOnEach$DoOnEachSubscriber.onError(FluxDoOnEach.java:186) ~[reactor-core-3.6.8.jar:3.6.8]
		at reactor.core.publisher.MonoCreate$DefaultMonoSink.error(MonoCreate.java:205) ~[reactor-core-3.6.8.jar:3.6.8]
		at reactor.netty.resources.DefaultPooledConnectionProvider$PooledConnectionAllocator$PooledConnectionInitializer.onError(DefaultPooledConnectionProvider.java:583) ~[reactor-netty-core-1.1.21.jar:1.1.21]
		at reactor.core.publisher.MonoFlatMap$FlatMapMain.secondError(MonoFlatMap.java:241) ~[reactor-core-3.6.8.jar:3.6.8]
		at reactor.core.publisher.MonoFlatMap$FlatMapInner.onError(MonoFlatMap.java:315) ~[reactor-core-3.6.8.jar:3.6.8]
		at reactor.core.publisher.FluxOnErrorResume$ResumeSubscriber.onError(FluxOnErrorResume.java:106) ~[reactor-core-3.6.8.jar:3.6.8]
		at reactor.core.publisher.Operators.error(Operators.java:198) ~[reactor-core-3.6.8.jar:3.6.8]
		at reactor.core.publisher.MonoError.subscribe(MonoError.java:53) ~[reactor-core-3.6.8.jar:3.6.8]
		at reactor.core.publisher.Mono.subscribe(Mono.java:4568) ~[reactor-core-3.6.8.jar:3.6.8]
		at reactor.core.publisher.FluxOnErrorResume$ResumeSubscriber.onError(FluxOnErrorResume.java:103) ~[reactor-core-3.6.8.jar:3.6.8]
		at reactor.netty.transport.TransportConnector$MonoChannelPromise.tryFailure(TransportConnector.java:576) ~[reactor-netty-core-1.1.21.jar:1.1.21]
		at reactor.netty.transport.TransportConnector$MonoChannelPromise.setFailure(TransportConnector.java:522) ~[reactor-netty-core-1.1.21.jar:1.1.21]
		at reactor.netty.transport.TransportConnector.lambda$doConnect$7(TransportConnector.java:261) ~[reactor-netty-core-1.1.21.jar:1.1.21]
		at io.netty.util.concurrent.DefaultPromise.notifyListener0(DefaultPromise.java:590) ~[netty-common-4.1.111.Final.jar:4.1.111.Final]
		at io.netty.util.concurrent.DefaultPromise.notifyListeners0(DefaultPromise.java:583) ~[netty-common-4.1.111.Final.jar:4.1.111.Final]
		at io.netty.util.concurrent.DefaultPromise.notifyListenersNow(DefaultPromise.java:559) ~[netty-common-4.1.111.Final.jar:4.1.111.Final]
		at io.netty.util.concurrent.DefaultPromise.notifyListeners(DefaultPromise.java:492) ~[netty-common-4.1.111.Final.jar:4.1.111.Final]
		at io.netty.util.concurrent.DefaultPromise.setValue0(DefaultPromise.java:636) ~[netty-common-4.1.111.Final.jar:4.1.111.Final]
		at io.netty.util.concurrent.DefaultPromise.setFailure0(DefaultPromise.java:629) ~[netty-common-4.1.111.Final.jar:4.1.111.Final]
		at io.netty.util.concurrent.DefaultPromise.tryFailure(DefaultPromise.java:118) ~[netty-common-4.1.111.Final.jar:4.1.111.Final]
		at io.netty.channel.nio.AbstractNioChannel$AbstractNioUnsafe.fulfillConnectPromise(AbstractNioChannel.java:326) ~[netty-transport-4.1.111.Final.jar:4.1.111.Final]
		at io.netty.channel.nio.AbstractNioChannel$AbstractNioUnsafe.finishConnect(AbstractNioChannel.java:342) ~[netty-transport-4.1.111.Final.jar:4.1.111.Final]
		at io.netty.channel.nio.NioEventLoop.processSelectedKey(NioEventLoop.java:776) ~[netty-transport-4.1.111.Final.jar:4.1.111.Final]
		at io.netty.channel.nio.NioEventLoop.processSelectedKeysOptimized(NioEventLoop.java:724) ~[netty-transport-4.1.111.Final.jar:4.1.111.Final]
		at io.netty.channel.nio.NioEventLoop.processSelectedKeys(NioEventLoop.java:650) ~[netty-transport-4.1.111.Final.jar:4.1.111.Final]
		at io.netty.channel.nio.NioEventLoop.run(NioEventLoop.java:562) ~[netty-transport-4.1.111.Final.jar:4.1.111.Final]
		at io.netty.util.concurrent.SingleThreadEventExecutor$4.run(SingleThreadEventExecutor.java:994) ~[netty-common-4.1.111.Final.jar:4.1.111.Final]
		at io.netty.util.internal.ThreadExecutorMap$2.run(ThreadExecutorMap.java:74) ~[netty-common-4.1.111.Final.jar:4.1.111.Final]
		at io.netty.util.concurrent.FastThreadLocalRunnable.run(FastThreadLocalRunnable.java:30) ~[netty-common-4.1.111.Final.jar:4.1.111.Final]
		at java.base/java.lang.Thread.run(Thread.java:1583) ~[na:na]
Caused by: io.netty.channel.AbstractChannel$AnnotatedConnectException: Connection refused: getsockopt: localhost/127.0.0.1:8081
Caused by: java.net.ConnectException: Connection refused: getsockopt
	at java.base/sun.nio.ch.Net.pollConnect(Native Method) ~[na:na]
	at java.base/sun.nio.ch.Net.pollConnectNow(Net.java:682) ~[na:na]
	at java.base/sun.nio.ch.SocketChannelImpl.finishConnect(SocketChannelImpl.java:973) ~[na:na]
	at io.netty.channel.socket.nio.NioSocketChannel.doFinishConnect(NioSocketChannel.java:336) ~[netty-transport-4.1.111.Final.jar:4.1.111.Final]
	at io.netty.channel.nio.AbstractNioChannel$AbstractNioUnsafe.finishConnect(AbstractNioChannel.java:339) ~[netty-transport-4.1.111.Final.jar:4.1.111.Final]
	at io.netty.channel.nio.NioEventLoop.processSelectedKey(NioEventLoop.java:776) ~[netty-transport-4.1.111.Final.jar:4.1.111.Final]
	at io.netty.channel.nio.NioEventLoop.processSelectedKeysOptimized(NioEventLoop.java:724) ~[netty-transport-4.1.111.Final.jar:4.1.111.Final]
	at io.netty.channel.nio.NioEventLoop.processSelectedKeys(NioEventLoop.java:650) ~[netty-transport-4.1.111.Final.jar:4.1.111.Final]
	at io.netty.channel.nio.NioEventLoop.run(NioEventLoop.java:562) ~[netty-transport-4.1.111.Final.jar:4.1.111.Final]
	at io.netty.util.concurrent.SingleThreadEventExecutor$4.run(SingleThreadEventExecutor.java:994) ~[netty-common-4.1.111.Final.jar:4.1.111.Final]
	at io.netty.util.internal.ThreadExecutorMap$2.run(ThreadExecutorMap.java:74) ~[netty-common-4.1.111.Final.jar:4.1.111.Final]
	at io.netty.util.concurrent.FastThreadLocalRunnable.run(FastThreadLocalRunnable.java:30) ~[netty-common-4.1.111.Final.jar:4.1.111.Final]
	at java.base/java.lang.Thread.run(Thread.java:1583) ~[na:na]

&amp#27;[2m2025-03-10T10:06:25.482+07:00&amp#27;[0;39m &amp#27;[32mTRACE&amp#27;[0;39m &amp#27;[35m11988&amp#27;[0;39m &amp#27;[2m---&amp#27;[0;39m &amp#27;[2m[ctor-http-nio-6]&amp#27;[0;39m &amp#27;[2m&amp#27;[0;39m&amp#27;[36mo.s.w.r.f.client.ExchangeFunctions      &amp#27;[0;39m &amp#27;[2m:&amp#27;[0;39m [4e951fb1] [348a082a] Response 500 INTERNAL_SERVER_ERROR, headers={masked}
]]></system-out>
  </testcase>
  <testcase name="getRequestISE" classname="com.nephren.raven.apiclient.RavenApiClientGetTests" time="0.024">
    <system-out><![CDATA[&amp#27;[2m2025-03-10T10:06:25.495+07:00&amp#27;[0;39m &amp#27;[32mTRACE&amp#27;[0;39m &amp#27;[35m11988&amp#27;[0;39m &amp#27;[2m---&amp#27;[0;39m &amp#27;[2m[           main]&amp#27;[0;39m &amp#27;[2m&amp#27;[0;39m&amp#27;[36mo.s.w.r.f.client.ExchangeFunctions      &amp#27;[0;39m &amp#27;[2m:&amp#27;[0;39m [1bb4c431] HTTP GET http://localhost:8080/get/ISE, headers={masked}
&amp#27;[2m2025-03-10T10:06:25.499+07:00&amp#27;[0;39m &amp#27;[33m WARN&amp#27;[0;39m &amp#27;[35m11988&amp#27;[0;39m &amp#27;[2m---&amp#27;[0;39m &amp#27;[2m[     parallel-7]&amp#27;[0;39m &amp#27;[2m&amp#27;[0;39m&amp#27;[36m.n.r.a.i.RavenApiClientMethodInterceptor&amp#27;[0;39m &amp#27;[2m:&amp#27;[0;39m #RavenApiClientMethodInterceptor - doBody: No body resolver found for method: getRequestISE
&amp#27;[2m2025-03-10T10:06:25.500+07:00&amp#27;[0;39m &amp#27;[32mTRACE&amp#27;[0;39m &amp#27;[35m11988&amp#27;[0;39m &amp#27;[2m---&amp#27;[0;39m &amp#27;[2m[     parallel-7]&amp#27;[0;39m &amp#27;[2m&amp#27;[0;39m&amp#27;[36mo.s.w.r.f.client.ExchangeFunctions      &amp#27;[0;39m &amp#27;[2m:&amp#27;[0;39m [72f22cdb] HTTP GET http://localhost:8080/getRequest-ISE, headers={masked}
&amp#27;[2m2025-03-10T10:06:25.502+07:00&amp#27;[0;39m &amp#27;[32mDEBUG&amp#27;[0;39m &amp#27;[35m11988&amp#27;[0;39m &amp#27;[2m---&amp#27;[0;39m &amp#27;[2m[ctor-http-nio-3]&amp#27;[0;39m &amp#27;[2m&amp#27;[0;39m&amp#27;[36mr.netty.http.client.HttpClientConnect   &amp#27;[0;39m &amp#27;[2m:&amp#27;[0;39m [9cdf29d6-10, L:/127.0.0.1:55071 - R:localhost/127.0.0.1:8080] Handler is being applied: {uri=http://localhost:8080/getRequest-ISE, method=GET}
&amp#27;[2m2025-03-10T10:06:25.508+07:00&amp#27;[0;39m &amp#27;[32mDEBUG&amp#27;[0;39m &amp#27;[35m11988&amp#27;[0;39m &amp#27;[2m---&amp#27;[0;39m &amp#27;[2m[ctor-http-nio-3]&amp#27;[0;39m &amp#27;[2m&amp#27;[0;39m&amp#27;[36mr.n.http.client.HttpClientOperations    &amp#27;[0;39m &amp#27;[2m:&amp#27;[0;39m [9cdf29d6-10, L:/127.0.0.1:55071 - R:localhost/127.0.0.1:8080] Received response (auto-read:false) : RESPONSE(decodeResult: success, version: HTTP/1.1)
HTTP/1.1 500 Internal Server Error
Content-Type: <filtered>
Content-Length: <filtered>
&amp#27;[2m2025-03-10T10:06:25.509+07:00&amp#27;[0;39m &amp#27;[32mTRACE&amp#27;[0;39m &amp#27;[35m11988&amp#27;[0;39m &amp#27;[2m---&amp#27;[0;39m &amp#27;[2m[ctor-http-nio-3]&amp#27;[0;39m &amp#27;[2m&amp#27;[0;39m&amp#27;[36mo.s.w.r.f.client.ExchangeFunctions      &amp#27;[0;39m &amp#27;[2m:&amp#27;[0;39m [72f22cdb] [9cdf29d6-10] Response 500 INTERNAL_SERVER_ERROR, headers={masked}
&amp#27;[2m2025-03-10T10:06:25.511+07:00&amp#27;[0;39m &amp#27;[32mDEBUG&amp#27;[0;39m &amp#27;[35m11988&amp#27;[0;39m &amp#27;[2m---&amp#27;[0;39m &amp#27;[2m[ctor-http-nio-3]&amp#27;[0;39m &amp#27;[2m&amp#27;[0;39m&amp#27;[36mr.n.http.client.HttpClientOperations    &amp#27;[0;39m &amp#27;[2m:&amp#27;[0;39m [9cdf29d6-10, L:/127.0.0.1:55071 - R:localhost/127.0.0.1:8080] Received last HTTP packet
&amp#27;[2m2025-03-10T10:06:25.512+07:00&amp#27;[0;39m &amp#27;[32mTRACE&amp#27;[0;39m &amp#27;[35m11988&amp#27;[0;39m &amp#27;[2m---&amp#27;[0;39m &amp#27;[2m[ctor-http-nio-3]&amp#27;[0;39m &amp#27;[2m&amp#27;[0;39m&amp#27;[36mo.s.w.r.f.client.ExchangeFunctions      &amp#27;[0;39m &amp#27;[2m:&amp#27;[0;39m [1bb4c431] [7df48459] Response 500 INTERNAL_SERVER_ERROR, headers={masked}
]]></system-out>
  </testcase>
  <testcase name="getRequestNoPath" classname="com.nephren.raven.apiclient.RavenApiClientGetTests" time="0.025">
    <system-out><![CDATA[&amp#27;[2m2025-03-10T10:06:25.522+07:00&amp#27;[0;39m &amp#27;[32mTRACE&amp#27;[0;39m &amp#27;[35m11988&amp#27;[0;39m &amp#27;[2m---&amp#27;[0;39m &amp#27;[2m[           main]&amp#27;[0;39m &amp#27;[2m&amp#27;[0;39m&amp#27;[36mo.s.w.r.f.client.ExchangeFunctions      &amp#27;[0;39m &amp#27;[2m:&amp#27;[0;39m [295d54d6] HTTP GET http://localhost:8080/get/no-path, headers={masked}
&amp#27;[2m2025-03-10T10:06:25.525+07:00&amp#27;[0;39m &amp#27;[33m WARN&amp#27;[0;39m &amp#27;[35m11988&amp#27;[0;39m &amp#27;[2m---&amp#27;[0;39m &amp#27;[2m[     parallel-8]&amp#27;[0;39m &amp#27;[2m&amp#27;[0;39m&amp#27;[36m.n.r.a.i.RavenApiClientMethodInterceptor&amp#27;[0;39m &amp#27;[2m:&amp#27;[0;39m #RavenApiClientMethodInterceptor - doBody: No body resolver found for method: getRequestNoPath
&amp#27;[2m2025-03-10T10:06:25.526+07:00&amp#27;[0;39m &amp#27;[32mTRACE&amp#27;[0;39m &amp#27;[35m11988&amp#27;[0;39m &amp#27;[2m---&amp#27;[0;39m &amp#27;[2m[     parallel-8]&amp#27;[0;39m &amp#27;[2m&amp#27;[0;39m&amp#27;[36mo.s.w.r.f.client.ExchangeFunctions      &amp#27;[0;39m &amp#27;[2m:&amp#27;[0;39m [2a9e6035] HTTP GET http://localhost:8080, headers={masked}
&amp#27;[2m2025-03-10T10:06:25.527+07:00&amp#27;[0;39m &amp#27;[32mDEBUG&amp#27;[0;39m &amp#27;[35m11988&amp#27;[0;39m &amp#27;[2m---&amp#27;[0;39m &amp#27;[2m[ctor-http-nio-3]&amp#27;[0;39m &amp#27;[2m&amp#27;[0;39m&amp#27;[36mr.netty.http.client.HttpClientConnect   &amp#27;[0;39m &amp#27;[2m:&amp#27;[0;39m [9cdf29d6-11, L:/127.0.0.1:55071 - R:localhost/127.0.0.1:8080] Handler is being applied: {uri=http://localhost:8080/, method=GET}
&amp#27;[2m2025-03-10T10:06:25.532+07:00&amp#27;[0;39m &amp#27;[32mDEBUG&amp#27;[0;39m &amp#27;[35m11988&amp#27;[0;39m &amp#27;[2m---&amp#27;[0;39m &amp#27;[2m[ctor-http-nio-3]&amp#27;[0;39m &amp#27;[2m&amp#27;[0;39m&amp#27;[36mr.n.http.client.HttpClientOperations    &amp#27;[0;39m &amp#27;[2m:&amp#27;[0;39m [9cdf29d6-11, L:/127.0.0.1:55071 - R:localhost/127.0.0.1:8080] Received response (auto-read:false) : RESPONSE(decodeResult: success, version: HTTP/1.1)
HTTP/1.1 200 OK
Content-Type: <filtered>
Content-Length: <filtered>
&amp#27;[2m2025-03-10T10:06:25.533+07:00&amp#27;[0;39m &amp#27;[32mTRACE&amp#27;[0;39m &amp#27;[35m11988&amp#27;[0;39m &amp#27;[2m---&amp#27;[0;39m &amp#27;[2m[ctor-http-nio-3]&amp#27;[0;39m &amp#27;[2m&amp#27;[0;39m&amp#27;[36mo.s.w.r.f.client.ExchangeFunctions      &amp#27;[0;39m &amp#27;[2m:&amp#27;[0;39m [2a9e6035] [9cdf29d6-11] Response 200 OK, headers={masked}
&amp#27;[2m2025-03-10T10:06:25.534+07:00&amp#27;[0;39m &amp#27;[32mDEBUG&amp#27;[0;39m &amp#27;[35m11988&amp#27;[0;39m &amp#27;[2m---&amp#27;[0;39m &amp#27;[2m[ctor-http-nio-3]&amp#27;[0;39m &amp#27;[2m&amp#27;[0;39m&amp#27;[36mr.n.http.client.HttpClientOperations    &amp#27;[0;39m &amp#27;[2m:&amp#27;[0;39m [9cdf29d6-11, L:/127.0.0.1:55071 - R:localhost/127.0.0.1:8080] Received last HTTP packet
&amp#27;[2m2025-03-10T10:06:25.537+07:00&amp#27;[0;39m &amp#27;[32mTRACE&amp#27;[0;39m &amp#27;[35m11988&amp#27;[0;39m &amp#27;[2m---&amp#27;[0;39m &amp#27;[2m[ctor-http-nio-3]&amp#27;[0;39m &amp#27;[2m&amp#27;[0;39m&amp#27;[36mo.s.w.r.f.client.ExchangeFunctions      &amp#27;[0;39m &amp#27;[2m:&amp#27;[0;39m [295d54d6] [5c0230ea] Response 200 OK, headers={masked}
]]></system-out>
  </testcase>
  <testcase name="getRequestWithHeader" classname="com.nephren.raven.apiclient.RavenApiClientGetTests" time="0.016">
    <system-out><![CDATA[&amp#27;[2m2025-03-10T10:06:25.546+07:00&amp#27;[0;39m &amp#27;[32mTRACE&amp#27;[0;39m &amp#27;[35m11988&amp#27;[0;39m &amp#27;[2m---&amp#27;[0;39m &amp#27;[2m[           main]&amp#27;[0;39m &amp#27;[2m&amp#27;[0;39m&amp#27;[36mo.s.w.r.f.client.ExchangeFunctions      &amp#27;[0;39m &amp#27;[2m:&amp#27;[0;39m [4a7db5a] HTTP GET http://localhost:8080/get/withHeader, headers={masked}
&amp#27;[2m2025-03-10T10:06:25.550+07:00&amp#27;[0;39m &amp#27;[33m WARN&amp#27;[0;39m &amp#27;[35m11988&amp#27;[0;39m &amp#27;[2m---&amp#27;[0;39m &amp#27;[2m[     parallel-1]&amp#27;[0;39m &amp#27;[2m&amp#27;[0;39m&amp#27;[36m.n.r.a.i.RavenApiClientMethodInterceptor&amp#27;[0;39m &amp#27;[2m:&amp#27;[0;39m #RavenApiClientMethodInterceptor - doBody: No body resolver found for method: getRequestWithHeader
&amp#27;[2m2025-03-10T10:06:25.550+07:00&amp#27;[0;39m &amp#27;[32mTRACE&amp#27;[0;39m &amp#27;[35m11988&amp#27;[0;39m &amp#27;[2m---&amp#27;[0;39m &amp#27;[2m[     parallel-1]&amp#27;[0;39m &amp#27;[2m&amp#27;[0;39m&amp#27;[36mo.s.w.r.f.client.ExchangeFunctions      &amp#27;[0;39m &amp#27;[2m:&amp#27;[0;39m [5b0e07d1] HTTP GET http://localhost:8080/getRequest-withHeader, headers={masked}
&amp#27;[2m2025-03-10T10:06:25.551+07:00&amp#27;[0;39m &amp#27;[32mDEBUG&amp#27;[0;39m &amp#27;[35m11988&amp#27;[0;39m &amp#27;[2m---&amp#27;[0;39m &amp#27;[2m[ctor-http-nio-3]&amp#27;[0;39m &amp#27;[2m&amp#27;[0;39m&amp#27;[36mr.netty.http.client.HttpClientConnect   &amp#27;[0;39m &amp#27;[2m:&amp#27;[0;39m [9cdf29d6-12, L:/127.0.0.1:55071 - R:localhost/127.0.0.1:8080] Handler is being applied: {uri=http://localhost:8080/getRequest-withHeader, method=GET}
&amp#27;[2m2025-03-10T10:06:25.555+07:00&amp#27;[0;39m &amp#27;[32mDEBUG&amp#27;[0;39m &amp#27;[35m11988&amp#27;[0;39m &amp#27;[2m---&amp#27;[0;39m &amp#27;[2m[ctor-http-nio-3]&amp#27;[0;39m &amp#27;[2m&amp#27;[0;39m&amp#27;[36mr.n.http.client.HttpClientOperations    &amp#27;[0;39m &amp#27;[2m:&amp#27;[0;39m [9cdf29d6-12, L:/127.0.0.1:55071 - R:localhost/127.0.0.1:8080] Received response (auto-read:false) : RESPONSE(decodeResult: success, version: HTTP/1.1)
HTTP/1.1 200 OK
Content-Type: <filtered>
Content-Length: <filtered>
&amp#27;[2m2025-03-10T10:06:25.556+07:00&amp#27;[0;39m &amp#27;[32mTRACE&amp#27;[0;39m &amp#27;[35m11988&amp#27;[0;39m &amp#27;[2m---&amp#27;[0;39m &amp#27;[2m[ctor-http-nio-3]&amp#27;[0;39m &amp#27;[2m&amp#27;[0;39m&amp#27;[36mo.s.w.r.f.client.ExchangeFunctions      &amp#27;[0;39m &amp#27;[2m:&amp#27;[0;39m [5b0e07d1] [9cdf29d6-12] Response 200 OK, headers={masked}
&amp#27;[2m2025-03-10T10:06:25.557+07:00&amp#27;[0;39m &amp#27;[32mDEBUG&amp#27;[0;39m &amp#27;[35m11988&amp#27;[0;39m &amp#27;[2m---&amp#27;[0;39m &amp#27;[2m[ctor-http-nio-3]&amp#27;[0;39m &amp#27;[2m&amp#27;[0;39m&amp#27;[36mr.n.http.client.HttpClientOperations    &amp#27;[0;39m &amp#27;[2m:&amp#27;[0;39m [9cdf29d6-12, L:/127.0.0.1:55071 - R:localhost/127.0.0.1:8080] Received last HTTP packet
&amp#27;[2m2025-03-10T10:06:25.558+07:00&amp#27;[0;39m &amp#27;[32mTRACE&amp#27;[0;39m &amp#27;[35m11988&amp#27;[0;39m &amp#27;[2m---&amp#27;[0;39m &amp#27;[2m[ctor-http-nio-3]&amp#27;[0;39m &amp#27;[2m&amp#27;[0;39m&amp#27;[36mo.s.w.r.f.client.ExchangeFunctions      &amp#27;[0;39m &amp#27;[2m:&amp#27;[0;39m [4a7db5a] [30cc8b8f] Response 200 OK, headers={masked}
]]></system-out>
  </testcase>
  <testcase name="getRequestList" classname="com.nephren.raven.apiclient.RavenApiClientGetTests" time="0.018">
    <system-out><![CDATA[&amp#27;[2m2025-03-10T10:06:25.566+07:00&amp#27;[0;39m &amp#27;[32mTRACE&amp#27;[0;39m &amp#27;[35m11988&amp#27;[0;39m &amp#27;[2m---&amp#27;[0;39m &amp#27;[2m[           main]&amp#27;[0;39m &amp#27;[2m&amp#27;[0;39m&amp#27;[36mo.s.w.r.f.client.ExchangeFunctions      &amp#27;[0;39m &amp#27;[2m:&amp#27;[0;39m [6eaf030c] HTTP GET http://localhost:8080/get/list, headers={masked}
&amp#27;[2m2025-03-10T10:06:25.569+07:00&amp#27;[0;39m &amp#27;[33m WARN&amp#27;[0;39m &amp#27;[35m11988&amp#27;[0;39m &amp#27;[2m---&amp#27;[0;39m &amp#27;[2m[     parallel-2]&amp#27;[0;39m &amp#27;[2m&amp#27;[0;39m&amp#27;[36m.n.r.a.i.RavenApiClientMethodInterceptor&amp#27;[0;39m &amp#27;[2m:&amp#27;[0;39m #RavenApiClientMethodInterceptor - doBody: No body resolver found for method: getRequestList
&amp#27;[2m2025-03-10T10:06:25.570+07:00&amp#27;[0;39m &amp#27;[32mTRACE&amp#27;[0;39m &amp#27;[35m11988&amp#27;[0;39m &amp#27;[2m---&amp#27;[0;39m &amp#27;[2m[     parallel-2]&amp#27;[0;39m &amp#27;[2m&amp#27;[0;39m&amp#27;[36mo.s.w.r.f.client.ExchangeFunctions      &amp#27;[0;39m &amp#27;[2m:&amp#27;[0;39m [12b6dfd9] HTTP GET http://localhost:8080/getRequest-list, headers={masked}
&amp#27;[2m2025-03-10T10:06:25.571+07:00&amp#27;[0;39m &amp#27;[32mDEBUG&amp#27;[0;39m &amp#27;[35m11988&amp#27;[0;39m &amp#27;[2m---&amp#27;[0;39m &amp#27;[2m[ctor-http-nio-3]&amp#27;[0;39m &amp#27;[2m&amp#27;[0;39m&amp#27;[36mr.netty.http.client.HttpClientConnect   &amp#27;[0;39m &amp#27;[2m:&amp#27;[0;39m [9cdf29d6-13, L:/127.0.0.1:55071 - R:localhost/127.0.0.1:8080] Handler is being applied: {uri=http://localhost:8080/getRequest-list, method=GET}
&amp#27;[2m2025-03-10T10:06:25.576+07:00&amp#27;[0;39m &amp#27;[32mDEBUG&amp#27;[0;39m &amp#27;[35m11988&amp#27;[0;39m &amp#27;[2m---&amp#27;[0;39m &amp#27;[2m[ctor-http-nio-3]&amp#27;[0;39m &amp#27;[2m&amp#27;[0;39m&amp#27;[36mr.n.http.client.HttpClientOperations    &amp#27;[0;39m &amp#27;[2m:&amp#27;[0;39m [9cdf29d6-13, L:/127.0.0.1:55071 - R:localhost/127.0.0.1:8080] Received response (auto-read:false) : RESPONSE(decodeResult: success, version: HTTP/1.1)
HTTP/1.1 200 OK
Content-Type: <filtered>
Content-Length: <filtered>
&amp#27;[2m2025-03-10T10:06:25.577+07:00&amp#27;[0;39m &amp#27;[32mTRACE&amp#27;[0;39m &amp#27;[35m11988&amp#27;[0;39m &amp#27;[2m---&amp#27;[0;39m &amp#27;[2m[ctor-http-nio-3]&amp#27;[0;39m &amp#27;[2m&amp#27;[0;39m&amp#27;[36mo.s.w.r.f.client.ExchangeFunctions      &amp#27;[0;39m &amp#27;[2m:&amp#27;[0;39m [12b6dfd9] [9cdf29d6-13] Response 200 OK, headers={masked}
&amp#27;[2m2025-03-10T10:06:25.577+07:00&amp#27;[0;39m &amp#27;[32mDEBUG&amp#27;[0;39m &amp#27;[35m11988&amp#27;[0;39m &amp#27;[2m---&amp#27;[0;39m &amp#27;[2m[ctor-http-nio-3]&amp#27;[0;39m &amp#27;[2m&amp#27;[0;39m&amp#27;[36mr.n.http.client.HttpClientOperations    &amp#27;[0;39m &amp#27;[2m:&amp#27;[0;39m [9cdf29d6-13, L:/127.0.0.1:55071 - R:localhost/127.0.0.1:8080] Received last HTTP packet
&amp#27;[2m2025-03-10T10:06:25.578+07:00&amp#27;[0;39m &amp#27;[32mTRACE&amp#27;[0;39m &amp#27;[35m11988&amp#27;[0;39m &amp#27;[2m---&amp#27;[0;39m &amp#27;[2m[ctor-http-nio-3]&amp#27;[0;39m &amp#27;[2m&amp#27;[0;39m&amp#27;[36mo.s.w.r.f.client.ExchangeFunctions      &amp#27;[0;39m &amp#27;[2m:&amp#27;[0;39m [6eaf030c] [ef29041] Response 200 OK, headers={masked}
]]></system-out>
  </testcase>
  <testcase name="getRequestISEWithThrowableParam" classname="com.nephren.raven.apiclient.RavenApiClientGetTests" time="0.126">
    <system-out><![CDATA[&amp#27;[2m2025-03-10T10:06:25.586+07:00&amp#27;[0;39m &amp#27;[32mTRACE&amp#27;[0;39m &amp#27;[35m11988&amp#27;[0;39m &amp#27;[2m---&amp#27;[0;39m &amp#27;[2m[           main]&amp#27;[0;39m &amp#27;[2m&amp#27;[0;39m&amp#27;[36mo.s.w.r.f.client.ExchangeFunctions      &amp#27;[0;39m &amp#27;[2m:&amp#27;[0;39m [6dbb3d7d] HTTP GET http://localhost:8080/get/ISE-other-fallback-throwable, headers={masked}
&amp#27;[2m2025-03-10T10:06:25.588+07:00&amp#27;[0;39m &amp#27;[33m WARN&amp#27;[0;39m &amp#27;[35m11988&amp#27;[0;39m &amp#27;[2m---&amp#27;[0;39m &amp#27;[2m[     parallel-3]&amp#27;[0;39m &amp#27;[2m&amp#27;[0;39m&amp#27;[36m.n.r.a.i.RavenApiClientMethodInterceptor&amp#27;[0;39m &amp#27;[2m:&amp#27;[0;39m #RavenApiClientMethodInterceptor - doBody: No body resolver found for method: getRequestISEWithThrowableParam
&amp#27;[2m2025-03-10T10:06:25.589+07:00&amp#27;[0;39m &amp#27;[32mTRACE&amp#27;[0;39m &amp#27;[35m11988&amp#27;[0;39m &amp#27;[2m---&amp#27;[0;39m &amp#27;[2m[     parallel-3]&amp#27;[0;39m &amp#27;[2m&amp#27;[0;39m&amp#27;[36mo.s.w.r.f.client.ExchangeFunctions      &amp#27;[0;39m &amp#27;[2m:&amp#27;[0;39m [b678ea2] HTTP GET http://localhost:8081/getRequest-ISE, headers={masked}
&amp#27;[2m2025-03-10T10:06:25.593+07:00&amp#27;[0;39m &amp#27;[31mERROR&amp#27;[0;39m &amp#27;[35m11988&amp#27;[0;39m &amp#27;[2m---&amp#27;[0;39m &amp#27;[2m[ctor-http-nio-7]&amp#27;[0;39m &amp#27;[2m&amp#27;[0;39m&amp#27;[36mf.ExampleClientWithFallbackOtherFallback&amp#27;[0;39m &amp#27;[2m:&amp#27;[0;39m #ExampleClientWithFallbackOtherFallback.getRequestISEWithThrowableParam - Fallback during calling getRequestISE
&amp#27;[2m2025-03-10T10:06:25.594+07:00&amp#27;[0;39m &amp#27;[32mTRACE&amp#27;[0;39m &amp#27;[35m11988&amp#27;[0;39m &amp#27;[2m---&amp#27;[0;39m &amp#27;[2m[ctor-http-nio-7]&amp#27;[0;39m &amp#27;[2m&amp#27;[0;39m&amp#27;[36mo.s.w.r.f.client.ExchangeFunctions      &amp#27;[0;39m &amp#27;[2m:&amp#27;[0;39m [6dbb3d7d] [21a767f4] Response 500 INTERNAL_SERVER_ERROR, headers={masked}
]]></system-out>
  </testcase>
  <testcase name="getRequestWithQueryParamCollection" classname="com.nephren.raven.apiclient.RavenApiClientGetTests" time="0.022">
    <system-out><![CDATA[&amp#27;[2m2025-03-10T10:06:25.715+07:00&amp#27;[0;39m &amp#27;[32mTRACE&amp#27;[0;39m &amp#27;[35m11988&amp#27;[0;39m &amp#27;[2m---&amp#27;[0;39m &amp#27;[2m[           main]&amp#27;[0;39m &amp#27;[2m&amp#27;[0;39m&amp#27;[36mo.s.w.r.f.client.ExchangeFunctions      &amp#27;[0;39m &amp#27;[2m:&amp#27;[0;39m [2adc1e84] HTTP GET http://localhost:8080/get/withQueryParamAndCollection?names=Richard,Nephren,William, headers={masked}
&amp#27;[2m2025-03-10T10:06:25.719+07:00&amp#27;[0;39m &amp#27;[33m WARN&amp#27;[0;39m &amp#27;[35m11988&amp#27;[0;39m &amp#27;[2m---&amp#27;[0;39m &amp#27;[2m[     parallel-4]&amp#27;[0;39m &amp#27;[2m&amp#27;[0;39m&amp#27;[36m.n.r.a.i.RavenApiClientMethodInterceptor&amp#27;[0;39m &amp#27;[2m:&amp#27;[0;39m #RavenApiClientMethodInterceptor - doBody: No body resolver found for method: getRequestQueryParamCollection
&amp#27;[2m2025-03-10T10:06:25.721+07:00&amp#27;[0;39m &amp#27;[32mTRACE&amp#27;[0;39m &amp#27;[35m11988&amp#27;[0;39m &amp#27;[2m---&amp#27;[0;39m &amp#27;[2m[     parallel-4]&amp#27;[0;39m &amp#27;[2m&amp#27;[0;39m&amp#27;[36mo.s.w.r.f.client.ExchangeFunctions      &amp#27;[0;39m &amp#27;[2m:&amp#27;[0;39m [14de35e] HTTP GET http://localhost:8080/getRequest-queryParam-collection?names=Richard&names=Nephren&names=William, headers={masked}
&amp#27;[2m2025-03-10T10:06:25.722+07:00&amp#27;[0;39m &amp#27;[32mDEBUG&amp#27;[0;39m &amp#27;[35m11988&amp#27;[0;39m &amp#27;[2m---&amp#27;[0;39m &amp#27;[2m[ctor-http-nio-3]&amp#27;[0;39m &amp#27;[2m&amp#27;[0;39m&amp#27;[36mr.netty.http.client.HttpClientConnect   &amp#27;[0;39m &amp#27;[2m:&amp#27;[0;39m [9cdf29d6-14, L:/127.0.0.1:55071 - R:localhost/127.0.0.1:8080] Handler is being applied: {uri=http://localhost:8080/getRequest-queryParam-collection?names=Richard&names=Nephren&names=William, method=GET}
&amp#27;[2m2025-03-10T10:06:25.731+07:00&amp#27;[0;39m &amp#27;[32mDEBUG&amp#27;[0;39m &amp#27;[35m11988&amp#27;[0;39m &amp#27;[2m---&amp#27;[0;39m &amp#27;[2m[ctor-http-nio-3]&amp#27;[0;39m &amp#27;[2m&amp#27;[0;39m&amp#27;[36mr.n.http.client.HttpClientOperations    &amp#27;[0;39m &amp#27;[2m:&amp#27;[0;39m [9cdf29d6-14, L:/127.0.0.1:55071 - R:localhost/127.0.0.1:8080] Received response (auto-read:false) : RESPONSE(decodeResult: success, version: HTTP/1.1)
HTTP/1.1 200 OK
Content-Type: <filtered>
Content-Length: <filtered>
&amp#27;[2m2025-03-10T10:06:25.731+07:00&amp#27;[0;39m &amp#27;[32mTRACE&amp#27;[0;39m &amp#27;[35m11988&amp#27;[0;39m &amp#27;[2m---&amp#27;[0;39m &amp#27;[2m[ctor-http-nio-3]&amp#27;[0;39m &amp#27;[2m&amp#27;[0;39m&amp#27;[36mo.s.w.r.f.client.ExchangeFunctions      &amp#27;[0;39m &amp#27;[2m:&amp#27;[0;39m [14de35e] [9cdf29d6-14] Response 200 OK, headers={masked}
&amp#27;[2m2025-03-10T10:06:25.732+07:00&amp#27;[0;39m &amp#27;[32mDEBUG&amp#27;[0;39m &amp#27;[35m11988&amp#27;[0;39m &amp#27;[2m---&amp#27;[0;39m &amp#27;[2m[ctor-http-nio-3]&amp#27;[0;39m &amp#27;[2m&amp#27;[0;39m&amp#27;[36mr.n.http.client.HttpClientOperations    &amp#27;[0;39m &amp#27;[2m:&amp#27;[0;39m [9cdf29d6-14, L:/127.0.0.1:55071 - R:localhost/127.0.0.1:8080] Received last HTTP packet
&amp#27;[2m2025-03-10T10:06:25.733+07:00&amp#27;[0;39m &amp#27;[32mTRACE&amp#27;[0;39m &amp#27;[35m11988&amp#27;[0;39m &amp#27;[2m---&amp#27;[0;39m &amp#27;[2m[ctor-http-nio-3]&amp#27;[0;39m &amp#27;[2m&amp#27;[0;39m&amp#27;[36mo.s.w.r.f.client.ExchangeFunctions      &amp#27;[0;39m &amp#27;[2m:&amp#27;[0;39m [2adc1e84] [577d0b8a] Response 200 OK, headers={masked}
]]></system-out>
  </testcase>
  <testcase name="getRequest" classname="com.nephren.raven.apiclient.RavenApiClientGetTests" time="0.02">
    <system-out><![CDATA[&amp#27;[2m2025-03-10T10:06:25.741+07:00&amp#27;[0;39m &amp#27;[32mTRACE&amp#27;[0;39m &amp#27;[35m11988&amp#27;[0;39m &amp#27;[2m---&amp#27;[0;39m &amp#27;[2m[           main]&amp#27;[0;39m &amp#27;[2m&amp#27;[0;39m&amp#27;[36mo.s.w.r.f.client.ExchangeFunctions      &amp#27;[0;39m &amp#27;[2m:&amp#27;[0;39m [45b8bbbf] HTTP GET http://localhost:8080/get, headers={masked}
&amp#27;[2m2025-03-10T10:06:25.744+07:00&amp#27;[0;39m &amp#27;[33m WARN&amp#27;[0;39m &amp#27;[35m11988&amp#27;[0;39m &amp#27;[2m---&amp#27;[0;39m &amp#27;[2m[     parallel-5]&amp#27;[0;39m &amp#27;[2m&amp#27;[0;39m&amp#27;[36m.n.r.a.i.RavenApiClientMethodInterceptor&amp#27;[0;39m &amp#27;[2m:&amp#27;[0;39m #RavenApiClientMethodInterceptor - doBody: No body resolver found for method: getRequest
&amp#27;[2m2025-03-10T10:06:25.745+07:00&amp#27;[0;39m &amp#27;[32mTRACE&amp#27;[0;39m &amp#27;[35m11988&amp#27;[0;39m &amp#27;[2m---&amp#27;[0;39m &amp#27;[2m[     parallel-5]&amp#27;[0;39m &amp#27;[2m&amp#27;[0;39m&amp#27;[36mo.s.w.r.f.client.ExchangeFunctions      &amp#27;[0;39m &amp#27;[2m:&amp#27;[0;39m [79a08c12] HTTP GET http://localhost:8080/getRequest, headers={masked}
&amp#27;[2m2025-03-10T10:06:25.746+07:00&amp#27;[0;39m &amp#27;[32mDEBUG&amp#27;[0;39m &amp#27;[35m11988&amp#27;[0;39m &amp#27;[2m---&amp#27;[0;39m &amp#27;[2m[ctor-http-nio-3]&amp#27;[0;39m &amp#27;[2m&amp#27;[0;39m&amp#27;[36mr.netty.http.client.HttpClientConnect   &amp#27;[0;39m &amp#27;[2m:&amp#27;[0;39m [9cdf29d6-15, L:/127.0.0.1:55071 - R:localhost/127.0.0.1:8080] Handler is being applied: {uri=http://localhost:8080/getRequest, method=GET}
&amp#27;[2m2025-03-10T10:06:25.750+07:00&amp#27;[0;39m &amp#27;[32mDEBUG&amp#27;[0;39m &amp#27;[35m11988&amp#27;[0;39m &amp#27;[2m---&amp#27;[0;39m &amp#27;[2m[ctor-http-nio-3]&amp#27;[0;39m &amp#27;[2m&amp#27;[0;39m&amp#27;[36mr.n.http.client.HttpClientOperations    &amp#27;[0;39m &amp#27;[2m:&amp#27;[0;39m [9cdf29d6-15, L:/127.0.0.1:55071 - R:localhost/127.0.0.1:8080] Received response (auto-read:false) : RESPONSE(decodeResult: success, version: HTTP/1.1)
HTTP/1.1 200 OK
Content-Type: <filtered>
Content-Length: <filtered>
&amp#27;[2m2025-03-10T10:06:25.751+07:00&amp#27;[0;39m &amp#27;[32mTRACE&amp#27;[0;39m &amp#27;[35m11988&amp#27;[0;39m &amp#27;[2m---&amp#27;[0;39m &amp#27;[2m[ctor-http-nio-3]&amp#27;[0;39m &amp#27;[2m&amp#27;[0;39m&amp#27;[36mo.s.w.r.f.client.ExchangeFunctions      &amp#27;[0;39m &amp#27;[2m:&amp#27;[0;39m [79a08c12] [9cdf29d6-15] Response 200 OK, headers={masked}
&amp#27;[2m2025-03-10T10:06:25.752+07:00&amp#27;[0;39m &amp#27;[32mDEBUG&amp#27;[0;39m &amp#27;[35m11988&amp#27;[0;39m &amp#27;[2m---&amp#27;[0;39m &amp#27;[2m[ctor-http-nio-3]&amp#27;[0;39m &amp#27;[2m&amp#27;[0;39m&amp#27;[36mr.n.http.client.HttpClientOperations    &amp#27;[0;39m &amp#27;[2m:&amp#27;[0;39m [9cdf29d6-15, L:/127.0.0.1:55071 - R:localhost/127.0.0.1:8080] Received last HTTP packet
&amp#27;[2m2025-03-10T10:06:25.753+07:00&amp#27;[0;39m &amp#27;[32mTRACE&amp#27;[0;39m &amp#27;[35m11988&amp#27;[0;39m &amp#27;[2m---&amp#27;[0;39m &amp#27;[2m[ctor-http-nio-3]&amp#27;[0;39m &amp#27;[2m&amp#27;[0;39m&amp#27;[36mo.s.w.r.f.client.ExchangeFunctions      &amp#27;[0;39m &amp#27;[2m:&amp#27;[0;39m [45b8bbbf] [1ab5e4ef] Response 200 OK, headers={masked}
]]></system-out>
  </testcase>
</testsuite>